This is pdfTeX, Version 3.141592653-2.6-1.40.27 (TeX Live 2025) (preloaded format=pdflatex 2025.3.13)  15 MAR 2025 20:22
entering extended mode
 restricted \write18 enabled.
 %&-line parsing enabled.
**qpac.tex
(./qpac.tex
LaTeX2e <2024-11-01> patch level 2
L3 programming layer <2025-01-18>
(c:/texlive/2025/texmf-dist/tex/latex/base/book.cls
Document Class: book 2024/06/29 v1.4n Standard LaTeX document class
(c:/texlive/2025/texmf-dist/tex/latex/base/bk11.clo
File: bk11.clo 2024/06/29 v1.4n Standard LaTeX file (size option)
)
\c@part=\count196
\c@chapter=\count197
\c@section=\count198
\c@subsection=\count199
\c@subsubsection=\count266
\c@paragraph=\count267
\c@subparagraph=\count268
\c@figure=\count269
\c@table=\count270
\abovecaptionskip=\skip49
\belowcaptionskip=\skip50
\bibindent=\dimen141
)
(c:/texlive/2025/texmf-dist/tex/latex/base/inputenc.sty
Package: inputenc 2024/02/08 v1.3d Input encoding file
\inpenc@prehook=\toks17
\inpenc@posthook=\toks18
)
(c:/texlive/2025/texmf-dist/tex/latex/graphics/graphicx.sty
Package: graphicx 2021/09/16 v1.2d Enhanced LaTeX Graphics (DPC,SPQR)

(c:/texlive/2025/texmf-dist/tex/latex/graphics/keyval.sty
Package: keyval 2022/05/29 v1.15 key=value parser (DPC)
\KV@toks@=\toks19
)
(c:/texlive/2025/texmf-dist/tex/latex/graphics/graphics.sty
Package: graphics 2024/08/06 v1.4g Standard LaTeX Graphics (DPC,SPQR)

(c:/texlive/2025/texmf-dist/tex/latex/graphics/trig.sty
Package: trig 2023/12/02 v1.11 sin cos tan (DPC)
)
(c:/texlive/2025/texmf-dist/tex/latex/graphics-cfg/graphics.cfg
File: graphics.cfg 2016/06/04 v1.11 sample graphics configuration
)
Package graphics Info: Driver file: pdftex.def on input line 106.

(c:/texlive/2025/texmf-dist/tex/latex/graphics-def/pdftex.def
File: pdftex.def 2024/04/13 v1.2c Graphics/color driver for pdftex
))
\Gin@req@height=\dimen142
\Gin@req@width=\dimen143
)
(c:/texlive/2025/texmf-dist/tex/latex/epstopdf-pkg/epstopdf.sty
Package: epstopdf 2020-01-24 v2.11 Conversion with epstopdf on the fly (HO)

(c:/texlive/2025/texmf-dist/tex/generic/infwarerr/infwarerr.sty
Package: infwarerr 2019/12/03 v1.5 Providing info/warning/error messages (HO)
)
(c:/texlive/2025/texmf-dist/tex/latex/grfext/grfext.sty
Package: grfext 2019/12/03 v1.3 Manage graphics extensions (HO)

(c:/texlive/2025/texmf-dist/tex/generic/kvdefinekeys/kvdefinekeys.sty
Package: kvdefinekeys 2019-12-19 v1.6 Define keys (HO)
))
(c:/texlive/2025/texmf-dist/tex/latex/kvoptions/kvoptions.sty
Package: kvoptions 2022-06-15 v3.15 Key value format for package options (HO)

(c:/texlive/2025/texmf-dist/tex/generic/ltxcmds/ltxcmds.sty
Package: ltxcmds 2023-12-04 v1.26 LaTeX kernel commands for general use (HO)
)
(c:/texlive/2025/texmf-dist/tex/latex/kvsetkeys/kvsetkeys.sty
Package: kvsetkeys 2022-10-05 v1.19 Key value parser (HO)
))
(c:/texlive/2025/texmf-dist/tex/generic/pdftexcmds/pdftexcmds.sty
Package: pdftexcmds 2020-06-27 v0.33 Utility functions of pdfTeX for LuaTeX (HO
)

(c:/texlive/2025/texmf-dist/tex/generic/iftex/iftex.sty
Package: iftex 2024/12/12 v1.0g TeX engine tests
)
Package pdftexcmds Info: \pdf@primitive is available.
Package pdftexcmds Info: \pdf@ifprimitive is available.
Package pdftexcmds Info: \pdfdraftmode found.
)
(c:/texlive/2025/texmf-dist/tex/latex/epstopdf-pkg/epstopdf-base.sty
Package: epstopdf-base 2020-01-24 v2.11 Base part for package epstopdf
Package epstopdf-base Info: Redefining graphics rule for `.eps' on input line 4
85.
Package grfext Info: Graphics extension search list:
(grfext)             [.pdf,.png,.jpg,.mps,.jpeg,.jbig2,.jb2,.PDF,.PNG,.JPG,.JPE
G,.JBIG2,.JB2,.eps]
(grfext)             \AppendGraphicsExtensions on input line 504.

(c:/texlive/2025/texmf-dist/tex/latex/latexconfig/epstopdf-sys.cfg
File: epstopdf-sys.cfg 2010/07/13 v1.3 Configuration of (r)epstopdf for TeX Liv
e
)))
(c:/texlive/2025/texmf-dist/tex/latex/csquotes/csquotes.sty
Package: csquotes 2024-04-04 v5.2o context-sensitive quotations (JAW)

(c:/texlive/2025/texmf-dist/tex/latex/etoolbox/etoolbox.sty
Package: etoolbox 2025/02/11 v2.5l e-TeX tools for LaTeX (JAW)
\etb@tempcnta=\count271
)
\csq@reset=\count272
\csq@gtype=\count273
\csq@glevel=\count274
\csq@qlevel=\count275
\csq@maxlvl=\count276
\csq@tshold=\count277
\csq@ltx@everypar=\toks20

(c:/texlive/2025/texmf-dist/tex/latex/csquotes/csquotes.def
File: csquotes.def 2024-04-04 v5.2o csquotes generic definitions (JAW)
)
Package csquotes Info: Trying to load configuration file 'csquotes.cfg'...
Package csquotes Info: ... configuration file loaded successfully.

(c:/texlive/2025/texmf-dist/tex/latex/csquotes/csquotes.cfg
File: csquotes.cfg 
))
(c:/texlive/2025/texmf-dist/tex/latex/wrapfig/wrapfig.sty
\wrapoverhang=\dimen144
\WF@size=\dimen145
\c@WF@wrappedlines=\count278
\WF@box=\box52
\WF@everypar=\toks21
Package: wrapfig 2003/01/31  v 3.6
)
(c:/texlive/2025/texmf-dist/tex/latex/graphics/rotating.sty
Package: rotating 2016/08/11 v2.16d rotated objects in LaTeX

(c:/texlive/2025/texmf-dist/tex/latex/base/ifthen.sty
Package: ifthen 2024/03/16 v1.1e Standard LaTeX ifthen package (DPC)
)
\c@r@tfl@t=\count279
\rotFPtop=\skip51
\rotFPbot=\skip52
\rot@float@box=\box53
\rot@mess@toks=\toks22
)
(c:/texlive/2025/texmf-dist/tex/latex/caption/caption.sty
Package: caption 2023/08/05 v3.6o Customizing captions (AR)

(c:/texlive/2025/texmf-dist/tex/latex/caption/caption3.sty
Package: caption3 2023/07/31 v2.4d caption3 kernel (AR)
\caption@tempdima=\dimen146
\captionmargin=\dimen147
\caption@leftmargin=\dimen148
\caption@rightmargin=\dimen149
\caption@width=\dimen150
\caption@indent=\dimen151
\caption@parindent=\dimen152
\caption@hangindent=\dimen153
Package caption Info: Standard document class detected.
)
\c@caption@flags=\count280
\c@continuedfloat=\count281
Package caption Info: rotating package is loaded.
Package caption Info: wrapfig package is loaded.
)
(c:/texlive/2025/texmf-dist/tex/latex/imakeidx/imakeidx.sty
Package: imakeidx 2016/10/15 v1.3e Package for typesetting indices in a synchro
nous mode

(c:/texlive/2025/texmf-dist/tex/latex/xkeyval/xkeyval.sty
Package: xkeyval 2022/06/16 v2.9 package option processing (HA)

(c:/texlive/2025/texmf-dist/tex/generic/xkeyval/xkeyval.tex
(c:/texlive/2025/texmf-dist/tex/generic/xkeyval/xkvutils.tex
\XKV@toks=\toks23
\XKV@tempa@toks=\toks24
)
\XKV@depth=\count282
File: xkeyval.tex 2014/12/03 v2.7a key=value parser (HA)
))
(c:/texlive/2025/texmf-dist/tex/generic/iftex/ifxetex.sty
Package: ifxetex 2019/10/25 v0.7 ifxetex legacy package. Use iftex instead.
)
(c:/texlive/2025/texmf-dist/tex/generic/iftex/ifluatex.sty
Package: ifluatex 2019/10/25 v1.5 ifluatex legacy package. Use iftex instead.
)
(c:/texlive/2025/texmf-dist/tex/latex/tools/multicol.sty
Package: multicol 2024/09/14 v1.9i multicolumn formatting (FMi)
\c@tracingmulticols=\count283
\mult@box=\box54
\multicol@leftmargin=\dimen154
\c@unbalance=\count284
\c@collectmore=\count285
\doublecol@number=\count286
\multicoltolerance=\count287
\multicolpretolerance=\count288
\full@width=\dimen155
\page@free=\dimen156
\premulticols=\dimen157
\postmulticols=\dimen158
\multicolsep=\skip53
\multicolbaselineskip=\skip54
\partial@page=\box55
\last@line=\box56
\mc@boxedresult=\box57
\maxbalancingoverflow=\dimen159
\mult@rightbox=\box58
\mult@grightbox=\box59
\mult@firstbox=\box60
\mult@gfirstbox=\box61
\@tempa=\box62
\@tempa=\box63
\@tempa=\box64
\@tempa=\box65
\@tempa=\box66
\@tempa=\box67
\@tempa=\box68
\@tempa=\box69
\@tempa=\box70
\@tempa=\box71
\@tempa=\box72
\@tempa=\box73
\@tempa=\box74
\@tempa=\box75
\@tempa=\box76
\@tempa=\box77
\@tempa=\box78
\@tempa=\box79
\@tempa=\box80
\@tempa=\box81
\@tempa=\box82
\@tempa=\box83
\@tempa=\box84
\@tempa=\box85
\@tempa=\box86
\@tempa=\box87
\@tempa=\box88
\@tempa=\box89
\@tempa=\box90
\@tempa=\box91
\@tempa=\box92
\@tempa=\box93
\@tempa=\box94
\@tempa=\box95
\@tempa=\box96
\@tempa=\box97
\c@minrows=\count289
\c@columnbadness=\count290
\c@finalcolumnbadness=\count291
\last@try=\dimen160
\multicolovershoot=\dimen161
\multicolundershoot=\dimen162
\mult@nat@firstbox=\box98
\colbreak@box=\box99
\mc@col@check@num=\count292
))
\qpac@idxfile=\write3
\openout3 = `qpac.idx'.


Writing index file qpac.idx
(./structure.tex (c:/texlive/2025/texmf-dist/tex/latex/geometry/geometry.sty
Package: geometry 2020/01/02 v5.9 Page Geometry

(c:/texlive/2025/texmf-dist/tex/generic/iftex/ifvtex.sty
Package: ifvtex 2019/10/25 v1.7 ifvtex legacy package. Use iftex instead.
)
\Gm@cnth=\count293
\Gm@cntv=\count294
\c@Gm@tempcnt=\count295
\Gm@bindingoffset=\dimen163
\Gm@wd@mp=\dimen164
\Gm@odd@mp=\dimen165
\Gm@even@mp=\dimen166
\Gm@layoutwidth=\dimen167
\Gm@layoutheight=\dimen168
\Gm@layouthoffset=\dimen169
\Gm@layoutvoffset=\dimen170
\Gm@dimlist=\toks25
)
(c:/texlive/2025/texmf-dist/tex/latex/pgf/frontendlayer/tikz.sty
(c:/texlive/2025/texmf-dist/tex/latex/pgf/basiclayer/pgf.sty
(c:/texlive/2025/texmf-dist/tex/latex/pgf/utilities/pgfrcs.sty
(c:/texlive/2025/texmf-dist/tex/generic/pgf/utilities/pgfutil-common.tex
\pgfutil@everybye=\toks26
\pgfutil@tempdima=\dimen171
\pgfutil@tempdimb=\dimen172
)
(c:/texlive/2025/texmf-dist/tex/generic/pgf/utilities/pgfutil-latex.def
\pgfutil@abb=\box100
)
(c:/texlive/2025/texmf-dist/tex/generic/pgf/utilities/pgfrcs.code.tex
(c:/texlive/2025/texmf-dist/tex/generic/pgf/pgf.revision.tex)
Package: pgfrcs 2023-01-15 v3.1.10 (3.1.10)
))
Package: pgf 2023-01-15 v3.1.10 (3.1.10)

(c:/texlive/2025/texmf-dist/tex/latex/pgf/basiclayer/pgfcore.sty
(c:/texlive/2025/texmf-dist/tex/latex/pgf/systemlayer/pgfsys.sty
(c:/texlive/2025/texmf-dist/tex/generic/pgf/systemlayer/pgfsys.code.tex
Package: pgfsys 2023-01-15 v3.1.10 (3.1.10)

(c:/texlive/2025/texmf-dist/tex/generic/pgf/utilities/pgfkeys.code.tex
\pgfkeys@pathtoks=\toks27
\pgfkeys@temptoks=\toks28

(c:/texlive/2025/texmf-dist/tex/generic/pgf/utilities/pgfkeyslibraryfiltered.co
de.tex
\pgfkeys@tmptoks=\toks29
))
\pgf@x=\dimen173
\pgf@y=\dimen174
\pgf@xa=\dimen175
\pgf@ya=\dimen176
\pgf@xb=\dimen177
\pgf@yb=\dimen178
\pgf@xc=\dimen179
\pgf@yc=\dimen180
\pgf@xd=\dimen181
\pgf@yd=\dimen182
\w@pgf@writea=\write4
\r@pgf@reada=\read2
\c@pgf@counta=\count296
\c@pgf@countb=\count297
\c@pgf@countc=\count298
\c@pgf@countd=\count299
\t@pgf@toka=\toks30
\t@pgf@tokb=\toks31
\t@pgf@tokc=\toks32
\pgf@sys@id@count=\count300
 (c:/texlive/2025/texmf-dist/tex/generic/pgf/systemlayer/pgf.cfg
File: pgf.cfg 2023-01-15 v3.1.10 (3.1.10)
)
Driver file for pgf: pgfsys-pdftex.def

(c:/texlive/2025/texmf-dist/tex/generic/pgf/systemlayer/pgfsys-pdftex.def
File: pgfsys-pdftex.def 2023-01-15 v3.1.10 (3.1.10)

(c:/texlive/2025/texmf-dist/tex/generic/pgf/systemlayer/pgfsys-common-pdf.def
File: pgfsys-common-pdf.def 2023-01-15 v3.1.10 (3.1.10)
)))
(c:/texlive/2025/texmf-dist/tex/generic/pgf/systemlayer/pgfsyssoftpath.code.tex
File: pgfsyssoftpath.code.tex 2023-01-15 v3.1.10 (3.1.10)
\pgfsyssoftpath@smallbuffer@items=\count301
\pgfsyssoftpath@bigbuffer@items=\count302
)
(c:/texlive/2025/texmf-dist/tex/generic/pgf/systemlayer/pgfsysprotocol.code.tex
File: pgfsysprotocol.code.tex 2023-01-15 v3.1.10 (3.1.10)
)) (c:/texlive/2025/texmf-dist/tex/latex/xcolor/xcolor.sty
Package: xcolor 2024/09/29 v3.02 LaTeX color extensions (UK)

(c:/texlive/2025/texmf-dist/tex/latex/graphics-cfg/color.cfg
File: color.cfg 2016/01/02 v1.6 sample color configuration
)
Package xcolor Info: Driver file: pdftex.def on input line 274.

(c:/texlive/2025/texmf-dist/tex/latex/graphics/mathcolor.ltx)
Package xcolor Info: Model `cmy' substituted by `cmy0' on input line 1349.
Package xcolor Info: Model `hsb' substituted by `rgb' on input line 1353.
Package xcolor Info: Model `RGB' extended on input line 1365.
Package xcolor Info: Model `HTML' substituted by `rgb' on input line 1367.
Package xcolor Info: Model `Hsb' substituted by `hsb' on input line 1368.
Package xcolor Info: Model `tHsb' substituted by `hsb' on input line 1369.
Package xcolor Info: Model `HSB' substituted by `hsb' on input line 1370.
Package xcolor Info: Model `Gray' substituted by `gray' on input line 1371.
Package xcolor Info: Model `wave' substituted by `hsb' on input line 1372.
)
(c:/texlive/2025/texmf-dist/tex/generic/pgf/basiclayer/pgfcore.code.tex
Package: pgfcore 2023-01-15 v3.1.10 (3.1.10)

(c:/texlive/2025/texmf-dist/tex/generic/pgf/math/pgfmath.code.tex
(c:/texlive/2025/texmf-dist/tex/generic/pgf/math/pgfmathutil.code.tex)
(c:/texlive/2025/texmf-dist/tex/generic/pgf/math/pgfmathparser.code.tex
\pgfmath@dimen=\dimen183
\pgfmath@count=\count303
\pgfmath@box=\box101
\pgfmath@toks=\toks33
\pgfmath@stack@operand=\toks34
\pgfmath@stack@operation=\toks35
)
(c:/texlive/2025/texmf-dist/tex/generic/pgf/math/pgfmathfunctions.code.tex)
(c:/texlive/2025/texmf-dist/tex/generic/pgf/math/pgfmathfunctions.basic.code.te
x)
(c:/texlive/2025/texmf-dist/tex/generic/pgf/math/pgfmathfunctions.trigonometric
.code.tex)
(c:/texlive/2025/texmf-dist/tex/generic/pgf/math/pgfmathfunctions.random.code.t
ex)
(c:/texlive/2025/texmf-dist/tex/generic/pgf/math/pgfmathfunctions.comparison.co
de.tex)
(c:/texlive/2025/texmf-dist/tex/generic/pgf/math/pgfmathfunctions.base.code.tex
)
(c:/texlive/2025/texmf-dist/tex/generic/pgf/math/pgfmathfunctions.round.code.te
x)
(c:/texlive/2025/texmf-dist/tex/generic/pgf/math/pgfmathfunctions.misc.code.tex
)
(c:/texlive/2025/texmf-dist/tex/generic/pgf/math/pgfmathfunctions.integerarithm
etics.code.tex)
(c:/texlive/2025/texmf-dist/tex/generic/pgf/math/pgfmathcalc.code.tex)
(c:/texlive/2025/texmf-dist/tex/generic/pgf/math/pgfmathfloat.code.tex
\c@pgfmathroundto@lastzeros=\count304
))
(c:/texlive/2025/texmf-dist/tex/generic/pgf/math/pgfint.code.tex)
(c:/texlive/2025/texmf-dist/tex/generic/pgf/basiclayer/pgfcorepoints.code.tex
File: pgfcorepoints.code.tex 2023-01-15 v3.1.10 (3.1.10)
\pgf@picminx=\dimen184
\pgf@picmaxx=\dimen185
\pgf@picminy=\dimen186
\pgf@picmaxy=\dimen187
\pgf@pathminx=\dimen188
\pgf@pathmaxx=\dimen189
\pgf@pathminy=\dimen190
\pgf@pathmaxy=\dimen191
\pgf@xx=\dimen192
\pgf@xy=\dimen193
\pgf@yx=\dimen194
\pgf@yy=\dimen195
\pgf@zx=\dimen196
\pgf@zy=\dimen197
)
(c:/texlive/2025/texmf-dist/tex/generic/pgf/basiclayer/pgfcorepathconstruct.cod
e.tex
File: pgfcorepathconstruct.code.tex 2023-01-15 v3.1.10 (3.1.10)
\pgf@path@lastx=\dimen198
\pgf@path@lasty=\dimen199
)
(c:/texlive/2025/texmf-dist/tex/generic/pgf/basiclayer/pgfcorepathusage.code.te
x
File: pgfcorepathusage.code.tex 2023-01-15 v3.1.10 (3.1.10)
\pgf@shorten@end@additional=\dimen256
\pgf@shorten@start@additional=\dimen257
)
(c:/texlive/2025/texmf-dist/tex/generic/pgf/basiclayer/pgfcorescopes.code.tex
File: pgfcorescopes.code.tex 2023-01-15 v3.1.10 (3.1.10)
\pgfpic=\box102
\pgf@hbox=\box103
\pgf@layerbox@main=\box104
\pgf@picture@serial@count=\count305
)
(c:/texlive/2025/texmf-dist/tex/generic/pgf/basiclayer/pgfcoregraphicstate.code
.tex
File: pgfcoregraphicstate.code.tex 2023-01-15 v3.1.10 (3.1.10)
\pgflinewidth=\dimen258
)
(c:/texlive/2025/texmf-dist/tex/generic/pgf/basiclayer/pgfcoretransformations.c
ode.tex
File: pgfcoretransformations.code.tex 2023-01-15 v3.1.10 (3.1.10)
\pgf@pt@x=\dimen259
\pgf@pt@y=\dimen260
\pgf@pt@temp=\dimen261
)
(c:/texlive/2025/texmf-dist/tex/generic/pgf/basiclayer/pgfcorequick.code.tex
File: pgfcorequick.code.tex 2023-01-15 v3.1.10 (3.1.10)
)
(c:/texlive/2025/texmf-dist/tex/generic/pgf/basiclayer/pgfcoreobjects.code.tex
File: pgfcoreobjects.code.tex 2023-01-15 v3.1.10 (3.1.10)
)
(c:/texlive/2025/texmf-dist/tex/generic/pgf/basiclayer/pgfcorepathprocessing.co
de.tex
File: pgfcorepathprocessing.code.tex 2023-01-15 v3.1.10 (3.1.10)
)
(c:/texlive/2025/texmf-dist/tex/generic/pgf/basiclayer/pgfcorearrows.code.tex
File: pgfcorearrows.code.tex 2023-01-15 v3.1.10 (3.1.10)
\pgfarrowsep=\dimen262
)
(c:/texlive/2025/texmf-dist/tex/generic/pgf/basiclayer/pgfcoreshade.code.tex
File: pgfcoreshade.code.tex 2023-01-15 v3.1.10 (3.1.10)
\pgf@max=\dimen263
\pgf@sys@shading@range@num=\count306
\pgf@shadingcount=\count307
)
(c:/texlive/2025/texmf-dist/tex/generic/pgf/basiclayer/pgfcoreimage.code.tex
File: pgfcoreimage.code.tex 2023-01-15 v3.1.10 (3.1.10)
)
(c:/texlive/2025/texmf-dist/tex/generic/pgf/basiclayer/pgfcoreexternal.code.tex
File: pgfcoreexternal.code.tex 2023-01-15 v3.1.10 (3.1.10)
\pgfexternal@startupbox=\box105
) (c:/texlive/2025/texmf-dist/tex/generic/pgf/basiclayer/pgfcorelayers.code.tex
File: pgfcorelayers.code.tex 2023-01-15 v3.1.10 (3.1.10)
)
(c:/texlive/2025/texmf-dist/tex/generic/pgf/basiclayer/pgfcoretransparency.code
.tex
File: pgfcoretransparency.code.tex 2023-01-15 v3.1.10 (3.1.10)
)
(c:/texlive/2025/texmf-dist/tex/generic/pgf/basiclayer/pgfcorepatterns.code.tex
File: pgfcorepatterns.code.tex 2023-01-15 v3.1.10 (3.1.10)
) (c:/texlive/2025/texmf-dist/tex/generic/pgf/basiclayer/pgfcorerdf.code.tex
File: pgfcorerdf.code.tex 2023-01-15 v3.1.10 (3.1.10)
))) (c:/texlive/2025/texmf-dist/tex/generic/pgf/modules/pgfmoduleshapes.code.te
x
File: pgfmoduleshapes.code.tex 2023-01-15 v3.1.10 (3.1.10)
\pgfnodeparttextbox=\box106
)
(c:/texlive/2025/texmf-dist/tex/generic/pgf/modules/pgfmoduleplot.code.tex
File: pgfmoduleplot.code.tex 2023-01-15 v3.1.10 (3.1.10)
)
(c:/texlive/2025/texmf-dist/tex/latex/pgf/compatibility/pgfcomp-version-0-65.st
y
Package: pgfcomp-version-0-65 2023-01-15 v3.1.10 (3.1.10)
\pgf@nodesepstart=\dimen264
\pgf@nodesepend=\dimen265
)
(c:/texlive/2025/texmf-dist/tex/latex/pgf/compatibility/pgfcomp-version-1-18.st
y
Package: pgfcomp-version-1-18 2023-01-15 v3.1.10 (3.1.10)
)) (c:/texlive/2025/texmf-dist/tex/latex/pgf/utilities/pgffor.sty
(c:/texlive/2025/texmf-dist/tex/latex/pgf/utilities/pgfkeys.sty
(c:/texlive/2025/texmf-dist/tex/generic/pgf/utilities/pgfkeys.code.tex))
(c:/texlive/2025/texmf-dist/tex/latex/pgf/math/pgfmath.sty
(c:/texlive/2025/texmf-dist/tex/generic/pgf/math/pgfmath.code.tex))
(c:/texlive/2025/texmf-dist/tex/generic/pgf/utilities/pgffor.code.tex
Package: pgffor 2023-01-15 v3.1.10 (3.1.10)
\pgffor@iter=\dimen266
\pgffor@skip=\dimen267
\pgffor@stack=\toks36
\pgffor@toks=\toks37
))
(c:/texlive/2025/texmf-dist/tex/generic/pgf/frontendlayer/tikz/tikz.code.tex
Package: tikz 2023-01-15 v3.1.10 (3.1.10)

(c:/texlive/2025/texmf-dist/tex/generic/pgf/libraries/pgflibraryplothandlers.co
de.tex
File: pgflibraryplothandlers.code.tex 2023-01-15 v3.1.10 (3.1.10)
\pgf@plot@mark@count=\count308
\pgfplotmarksize=\dimen268
)
\tikz@lastx=\dimen269
\tikz@lasty=\dimen270
\tikz@lastxsaved=\dimen271
\tikz@lastysaved=\dimen272
\tikz@lastmovetox=\dimen273
\tikz@lastmovetoy=\dimen274
\tikzleveldistance=\dimen275
\tikzsiblingdistance=\dimen276
\tikz@figbox=\box107
\tikz@figbox@bg=\box108
\tikz@tempbox=\box109
\tikz@tempbox@bg=\box110
\tikztreelevel=\count309
\tikznumberofchildren=\count310
\tikznumberofcurrentchild=\count311
\tikz@fig@count=\count312

(c:/texlive/2025/texmf-dist/tex/generic/pgf/modules/pgfmodulematrix.code.tex
File: pgfmodulematrix.code.tex 2023-01-15 v3.1.10 (3.1.10)
\pgfmatrixcurrentrow=\count313
\pgfmatrixcurrentcolumn=\count314
\pgf@matrix@numberofcolumns=\count315
)
\tikz@expandcount=\count316

(c:/texlive/2025/texmf-dist/tex/generic/pgf/frontendlayer/tikz/libraries/tikzli
brarytopaths.code.tex
File: tikzlibrarytopaths.code.tex 2023-01-15 v3.1.10 (3.1.10)
)))
(c:/texlive/2025/texmf-dist/tex/generic/babel/babel.sty
Package: babel 2025/03/10 v25.5 The multilingual framework for pdfLaTeX, LuaLaT
eX and XeLaTeX
\babel@savecnt=\count317
\U@D=\dimen277
\l@unhyphenated=\language90

(c:/texlive/2025/texmf-dist/tex/generic/babel/txtbabel.def)
\bbl@readstream=\read3
\bbl@dirlevel=\count318

(c:/texlive/2025/texmf-dist/tex/generic/babel-english/english.ldf
Language: english 2017/06/06 v3.3r English support from the babel system
Package babel Info: Hyphen rules for 'canadian' set to \l@english
(babel)             (\language0). Reported on input line 102.
Package babel Info: Hyphen rules for 'australian' set to \l@ukenglish
(babel)             (\language22). Reported on input line 105.
Package babel Info: Hyphen rules for 'newzealand' set to \l@ukenglish
(babel)             (\language22). Reported on input line 108.
))
(c:/texlive/2025/texmf-dist/tex/generic/babel/locale/en/babel-english.tex
Package babel Info: Importing font and identification data for english
(babel)             from babel-en.ini. Reported on input line 11.
)
(c:/texlive/2025/texmf-dist/tex/latex/enumitem/enumitem.sty
Package: enumitem 2025/02/06 v3.11 Customized lists
\labelindent=\skip55
\enit@outerparindent=\dimen278
\enit@toks=\toks38
\enit@inbox=\box111
\enit@count@id=\count319
\enitdp@description=\count320
)
(c:/texlive/2025/texmf-dist/tex/latex/booktabs/booktabs.sty
Package: booktabs 2020/01/12 v1.61803398 Publication quality tables
\heavyrulewidth=\dimen279
\lightrulewidth=\dimen280
\cmidrulewidth=\dimen281
\belowrulesep=\dimen282
\belowbottomsep=\dimen283
\aboverulesep=\dimen284
\abovetopsep=\dimen285
\cmidrulesep=\dimen286
\cmidrulekern=\dimen287
\defaultaddspace=\dimen288
\@cmidla=\count321
\@cmidlb=\count322
\@aboverulesep=\dimen289
\@belowrulesep=\dimen290
\@thisruleclass=\count323
\@lastruleclass=\count324
\@thisrulewidth=\dimen291
)
(c:/texlive/2025/texmf-dist/tex/latex/psnfss/avant.sty
Package: avant 2020/03/25 PSNFSS-v9.3 (SPQR) 
)
(c:/texlive/2025/texmf-dist/tex/latex/lm/lmodern.sty
Package: lmodern 2015/05/01 v1.6.1 Latin Modern Fonts
LaTeX Font Info:    Overwriting symbol font `operators' in version `normal'
(Font)                  OT1/cmr/m/n --> OT1/lmr/m/n on input line 22.
LaTeX Font Info:    Overwriting symbol font `letters' in version `normal'
(Font)                  OML/cmm/m/it --> OML/lmm/m/it on input line 23.
LaTeX Font Info:    Overwriting symbol font `symbols' in version `normal'
(Font)                  OMS/cmsy/m/n --> OMS/lmsy/m/n on input line 24.
LaTeX Font Info:    Overwriting symbol font `largesymbols' in version `normal'
(Font)                  OMX/cmex/m/n --> OMX/lmex/m/n on input line 25.
LaTeX Font Info:    Overwriting symbol font `operators' in version `bold'
(Font)                  OT1/cmr/bx/n --> OT1/lmr/bx/n on input line 26.
LaTeX Font Info:    Overwriting symbol font `letters' in version `bold'
(Font)                  OML/cmm/b/it --> OML/lmm/b/it on input line 27.
LaTeX Font Info:    Overwriting symbol font `symbols' in version `bold'
(Font)                  OMS/cmsy/b/n --> OMS/lmsy/b/n on input line 28.
LaTeX Font Info:    Overwriting symbol font `largesymbols' in version `bold'
(Font)                  OMX/cmex/m/n --> OMX/lmex/m/n on input line 29.
LaTeX Font Info:    Overwriting math alphabet `\mathbf' in version `normal'
(Font)                  OT1/cmr/bx/n --> OT1/lmr/bx/n on input line 31.
LaTeX Font Info:    Overwriting math alphabet `\mathsf' in version `normal'
(Font)                  OT1/cmss/m/n --> OT1/lmss/m/n on input line 32.
LaTeX Font Info:    Overwriting math alphabet `\mathit' in version `normal'
(Font)                  OT1/cmr/m/it --> OT1/lmr/m/it on input line 33.
LaTeX Font Info:    Overwriting math alphabet `\mathtt' in version `normal'
(Font)                  OT1/cmtt/m/n --> OT1/lmtt/m/n on input line 34.
LaTeX Font Info:    Overwriting math alphabet `\mathbf' in version `bold'
(Font)                  OT1/cmr/bx/n --> OT1/lmr/bx/n on input line 35.
LaTeX Font Info:    Overwriting math alphabet `\mathsf' in version `bold'
(Font)                  OT1/cmss/bx/n --> OT1/lmss/bx/n on input line 36.
LaTeX Font Info:    Overwriting math alphabet `\mathit' in version `bold'
(Font)                  OT1/cmr/bx/it --> OT1/lmr/bx/it on input line 37.
LaTeX Font Info:    Overwriting math alphabet `\mathtt' in version `bold'
(Font)                  OT1/cmtt/m/n --> OT1/lmtt/m/n on input line 38.
)
(c:/texlive/2025/texmf-dist/tex/latex/libertine/libertine.sty
Package: libertine 2024/04/23 (Bob Tennent) Supports Libertine and Biolinum fon
ts for all LaTeX engines.

(c:/texlive/2025/texmf-dist/tex/latex/base/textcomp.sty
Package: textcomp 2024/04/24 v2.1b Standard LaTeX package
)
(c:/texlive/2025/texmf-dist/tex/latex/base/fontenc.sty
Package: fontenc 2021/04/29 v2.0v Standard LaTeX package
LaTeX Font Info:    Trying to load font information for OT1+lmr on input line 1
16.

(c:/texlive/2025/texmf-dist/tex/latex/lm/ot1lmr.fd
File: ot1lmr.fd 2015/05/01 v1.6.1 Font defs for Latin Modern
))
(c:/texlive/2025/texmf-dist/tex/latex/fontaxes/fontaxes.sty
Package: fontaxes 2020/07/21 v1.0e Font selection axes
LaTeX Info: Redefining \upshape on input line 29.
LaTeX Info: Redefining \itshape on input line 31.
LaTeX Info: Redefining \slshape on input line 33.
LaTeX Info: Redefining \swshape on input line 35.
LaTeX Info: Redefining \scshape on input line 37.
LaTeX Info: Redefining \sscshape on input line 39.
LaTeX Info: Redefining \ulcshape on input line 41.
LaTeX Info: Redefining \textsw on input line 47.
LaTeX Info: Redefining \textssc on input line 48.
LaTeX Info: Redefining \textulc on input line 49.
)
LaTeX Info: Redefining \oldstylenums on input line 485.

(c:/texlive/2025/texmf-dist/tex/latex/libertine/LinLibertine_I.tex))
(c:/texlive/2025/texmf-dist/tex/latex/microtype/microtype.sty
Package: microtype 2025/02/11 v3.2a Micro-typographical refinements (RS)
\MT@toks=\toks39
\MT@tempbox=\box112
\MT@count=\count325
LaTeX Info: Redefining \noprotrusionifhmode on input line 1087.
LaTeX Info: Redefining \leftprotrusion on input line 1088.
\MT@prot@toks=\toks40
LaTeX Info: Redefining \rightprotrusion on input line 1107.
LaTeX Info: Redefining \textls on input line 1449.
\MT@outer@kern=\dimen292
LaTeX Info: Redefining \microtypecontext on input line 2053.
LaTeX Info: Redefining \textmicrotypecontext on input line 2070.
\MT@listname@count=\count326

(c:/texlive/2025/texmf-dist/tex/latex/microtype/microtype-pdftex.def
File: microtype-pdftex.def 2025/02/11 v3.2a Definitions specific to pdftex (RS)

LaTeX Info: Redefining \lsstyle on input line 944.
LaTeX Info: Redefining \lslig on input line 944.
\MT@outer@space=\skip56
)
Package microtype Info: Loading configuration file microtype.cfg.

(c:/texlive/2025/texmf-dist/tex/latex/microtype/microtype.cfg
File: microtype.cfg 2025/02/11 v3.2a microtype main configuration file (RS)
)
LaTeX Info: Redefining \microtypesetup on input line 3065.
)
(c:/texlive/2025/texmf-dist/tex/latex/base/fontenc.sty
Package: fontenc 2021/04/29 v2.0v Standard LaTeX package
LaTeX Font Info:    Trying to load font information for T1+LinuxLibertineT-TLF 
on input line 116.

(c:/texlive/2025/texmf-dist/tex/latex/libertine/T1LinuxLibertineT-TLF.fd
File: T1LinuxLibertineT-TLF.fd 2017/03/20 (autoinst) Font definitions for T1/Li
nuxLibertineT-TLF.
)
LaTeX Font Info:    Font shape `T1/LinuxLibertineT-TLF/m/n' will be
(Font)              scaled to size 10.95pt on input line 116.
)
(c:/texlive/2025/texmf-dist/tex/latex/lettrine/lettrine.sty
File: lettrine.sty 2025-01-30 v2.80 (Daniel Flipo)

(c:/texlive/2025/texmf-dist/tex/latex/l3packages/xfp/xfp.sty
(c:/texlive/2025/texmf-dist/tex/latex/l3kernel/expl3.sty
Package: expl3 2025-01-18 L3 programming layer (loader) 

(c:/texlive/2025/texmf-dist/tex/latex/l3backend/l3backend-pdftex.def
File: l3backend-pdftex.def 2024-05-08 L3 backend support: PDF output (pdfTeX)
\l__color_backend_stack_int=\count327
\l__pdf_internal_box=\box113
))
Package: xfp 2024-08-16 L3 Floating point unit
)
\c@DefaultLines=\count328
\c@DefaultDepth=\count329
\DefaultFindent=\dimen293
\DefaultNindent=\dimen294
\DefaultSlope=\dimen295
\DiscardVskip=\dimen296
\L@lettrine=\box114
\L@lbox=\box115
\L@tbox=\box116
\c@L@lines=\count330
\c@L@depth=\count331
\L@Pindent=\dimen297
\L@Findent=\dimen298
\L@Nindent=\dimen299
\L@lraise=\dimen300
\L@first=\dimen301
\L@next=\dimen302
\L@slope=\dimen303
\L@height=\dimen304
\L@novskip=\dimen305
\L@target@ht=\dimen306
\L@target@dp=\dimen307
\L@target@tht=\dimen308
\LettrineWidth=\dimen309
\LettrineHeight=\dimen310
\LettrineDepth=\dimen311
\L@finalht=\dimen312
\L@finaldp=\dimen313

Loading lettrine.cfg
(c:/texlive/2025/texmf-dist/tex/latex/lettrine/lettrine.cfg)
\Lettrine@tweaks=\toks41
\Llist@everypar=\toks42
)
(c:/texlive/2025/texmf-dist/tex/generic/ulem/ulem.sty
\UL@box=\box117
\UL@hyphenbox=\box118
\UL@skip=\skip57
\UL@hook=\toks43
\UL@height=\dimen314
\UL@pe=\count332
\UL@pixel=\dimen315
\ULC@box=\box119
Package: ulem 2019/11/18
\ULdepth=\dimen316
)
(c:/texlive/2025/texmf-dist/tex/latex/biblatex/biblatex.sty
Package: biblatex 2024/03/21 v3.20 programmable bibliographies (PK/MW)

(c:/texlive/2025/texmf-dist/tex/latex/logreq/logreq.sty
Package: logreq 2010/08/04 v1.0 xml request logger
\lrq@indent=\count333

(c:/texlive/2025/texmf-dist/tex/latex/logreq/logreq.def
File: logreq.def 2010/08/04 v1.0 logreq spec v1.0
))
(c:/texlive/2025/texmf-dist/tex/latex/url/url.sty
\Urlmuskip=\muskip17
Package: url 2013/09/16  ver 3.4  Verb mode for urls, etc.
)
\c@tabx@nest=\count334
\c@listtotal=\count335
\c@listcount=\count336
\c@liststart=\count337
\c@liststop=\count338
\c@citecount=\count339
\c@citetotal=\count340
\c@multicitecount=\count341
\c@multicitetotal=\count342
\c@instcount=\count343
\c@maxnames=\count344
\c@minnames=\count345
\c@maxitems=\count346
\c@minitems=\count347
\c@citecounter=\count348
\c@maxcitecounter=\count349
\c@savedcitecounter=\count350
\c@uniquelist=\count351
\c@uniquename=\count352
\c@refsection=\count353
\c@refsegment=\count354
\c@maxextratitle=\count355
\c@maxextratitleyear=\count356
\c@maxextraname=\count357
\c@maxextradate=\count358
\c@maxextraalpha=\count359
\c@abbrvpenalty=\count360
\c@highnamepenalty=\count361
\c@lownamepenalty=\count362
\c@maxparens=\count363
\c@parenlevel=\count364
\blx@tempcnta=\count365
\blx@tempcntb=\count366
\blx@tempcntc=\count367
\c@blx@maxsection=\count368
\blx@maxsegment@0=\count369
\blx@notetype=\count370
\blx@parenlevel@text=\count371
\blx@parenlevel@foot=\count372
\blx@sectionciteorder@0=\count373
\blx@sectionciteorderinternal@0=\count374
\blx@entrysetcounter=\count375
\blx@biblioinstance=\count376
\labelnumberwidth=\skip58
\labelalphawidth=\skip59
\biblabelsep=\skip60
\bibitemsep=\skip61
\bibnamesep=\skip62
\bibinitsep=\skip63
\bibparsep=\skip64
\bibhang=\skip65
\blx@bcfin=\read4
\blx@bcfout=\write5
\blx@langwohyphens=\language91
\c@mincomprange=\count377
\c@maxcomprange=\count378
\c@mincompwidth=\count379
Package biblatex Info: Trying to load biblatex default data model...
Package biblatex Info: ... file 'blx-dm.def' found.

(c:/texlive/2025/texmf-dist/tex/latex/biblatex/blx-dm.def
File: blx-dm.def 2024/03/21 v3.20 biblatex datamodel (PK/MW)
)
Package biblatex Info: Trying to load biblatex style data model...
Package biblatex Info: ... file 'alphabetic.dbx' not found.
Package biblatex Info: Trying to load biblatex custom data model...
Package biblatex Info: ... file 'biblatex-dm.cfg' not found.
\c@afterword=\count380
\c@savedafterword=\count381
\c@annotator=\count382
\c@savedannotator=\count383
\c@author=\count384
\c@savedauthor=\count385
\c@bookauthor=\count386
\c@savedbookauthor=\count387
\c@commentator=\count388
\c@savedcommentator=\count389
\c@editor=\count390
\c@savededitor=\count391
\c@editora=\count392
\c@savededitora=\count393
\c@editorb=\count394
\c@savededitorb=\count395
\c@editorc=\count396
\c@savededitorc=\count397
\c@foreword=\count398
\c@savedforeword=\count399
\c@holder=\count400
\c@savedholder=\count401
\c@introduction=\count402
\c@savedintroduction=\count403
\c@namea=\count404
\c@savednamea=\count405
\c@nameb=\count406
\c@savednameb=\count407
\c@namec=\count408
\c@savednamec=\count409
\c@translator=\count410
\c@savedtranslator=\count411
\c@shortauthor=\count412
\c@savedshortauthor=\count413
\c@shorteditor=\count414
\c@savedshorteditor=\count415
\c@labelname=\count416
\c@savedlabelname=\count417
\c@institution=\count418
\c@savedinstitution=\count419
\c@lista=\count420
\c@savedlista=\count421
\c@listb=\count422
\c@savedlistb=\count423
\c@listc=\count424
\c@savedlistc=\count425
\c@listd=\count426
\c@savedlistd=\count427
\c@liste=\count428
\c@savedliste=\count429
\c@listf=\count430
\c@savedlistf=\count431
\c@location=\count432
\c@savedlocation=\count433
\c@organization=\count434
\c@savedorganization=\count435
\c@origlocation=\count436
\c@savedoriglocation=\count437
\c@origpublisher=\count438
\c@savedorigpublisher=\count439
\c@publisher=\count440
\c@savedpublisher=\count441
\c@language=\count442
\c@savedlanguage=\count443
\c@origlanguage=\count444
\c@savedoriglanguage=\count445
\c@pageref=\count446
\c@savedpageref=\count447
\shorthandwidth=\skip66
\shortjournalwidth=\skip67
\shortserieswidth=\skip68
\shorttitlewidth=\skip69
\shortauthorwidth=\skip70
\shorteditorwidth=\skip71
\locallabelnumberwidth=\skip72
\locallabelalphawidth=\skip73
\localshorthandwidth=\skip74
\localshortjournalwidth=\skip75
\localshortserieswidth=\skip76
\localshorttitlewidth=\skip77
\localshortauthorwidth=\skip78
\localshorteditorwidth=\skip79
Package biblatex Info: Trying to load compatibility code...
Package biblatex Info: ... file 'blx-compat.def' found.

(c:/texlive/2025/texmf-dist/tex/latex/biblatex/blx-compat.def
File: blx-compat.def 2024/03/21 v3.20 biblatex compatibility (PK/MW)
)
Package biblatex Info: Trying to load generic definitions...
Package biblatex Info: ... file 'biblatex.def' found.

(c:/texlive/2025/texmf-dist/tex/latex/biblatex/biblatex.def
File: biblatex.def 2024/03/21 v3.20 biblatex compatibility (PK/MW)
\c@textcitecount=\count448
\c@textcitetotal=\count449
\c@textcitemaxnames=\count450
\c@biburlbigbreakpenalty=\count451
\c@biburlbreakpenalty=\count452
\c@biburlnumpenalty=\count453
\c@biburlucpenalty=\count454
\c@biburllcpenalty=\count455
\biburlbigskip=\muskip18
\biburlnumskip=\muskip19
\biburlucskip=\muskip20
\biburllcskip=\muskip21
\c@smartand=\count456
)
Package biblatex Info: Trying to load bibliography style 'alphabetic'...
Package biblatex Info: ... file 'alphabetic.bbx' found.

(c:/texlive/2025/texmf-dist/tex/latex/biblatex/bbx/alphabetic.bbx
File: alphabetic.bbx 2024/03/21 v3.20 biblatex bibliography style (PK/MW)
Package biblatex Info: Trying to load bibliography style 'standard'...
Package biblatex Info: ... file 'standard.bbx' found.

(c:/texlive/2025/texmf-dist/tex/latex/biblatex/bbx/standard.bbx
File: standard.bbx 2024/03/21 v3.20 biblatex bibliography style (PK/MW)
\c@bbx:relatedcount=\count457
\c@bbx:relatedtotal=\count458
))
Package biblatex Info: Trying to load citation style 'numeric'...
Package biblatex Info: ... file 'numeric.cbx' found.

(c:/texlive/2025/texmf-dist/tex/latex/biblatex/cbx/numeric.cbx
File: numeric.cbx 2024/03/21 v3.20 biblatex citation style (PK/MW)
Package biblatex Info: Redefining '\cite'.
Package biblatex Info: Redefining '\parencite'.
Package biblatex Info: Redefining '\footcite'.
Package biblatex Info: Redefining '\footcitetext'.
Package biblatex Info: Redefining '\smartcite'.
Package biblatex Info: Redefining '\supercite'.
Package biblatex Info: Redefining '\textcite'.
Package biblatex Info: Redefining '\textcites'.
Package biblatex Info: Redefining '\cites'.
Package biblatex Info: Redefining '\parencites'.
Package biblatex Info: Redefining '\smartcites'.
)
Package biblatex Info: Trying to load configuration file...
Package biblatex Info: ... file 'biblatex.cfg' found.

(c:/texlive/2025/texmf-dist/tex/latex/biblatex/biblatex.cfg
File: biblatex.cfg 
)

Package biblatex Warning: 'babel' option is deprecated.
(biblatex)                Please use 'autolang' instead.

Package biblatex Info: Input encoding 'utf8' detected.
Package biblatex Info: Document encoding is UTF8 ....
Package biblatex Info: ... and expl3
(biblatex)             2025-01-18 L3 programming layer (loader) 
(biblatex)             is new enough (at least 2020/04/06),
(biblatex)             setting 'casechanger=expl3'.
(c:/texlive/2025/texmf-dist/tex/latex/biblatex/blx-case-expl3.sty
(c:/texlive/2025/texmf-dist/tex/latex/l3packages/xparse/xparse.sty
Package: xparse 2024-08-16 L3 Experimental document command parser
)
Package: blx-case-expl3 2024/03/21 v3.20 expl3 case changing code for biblatex
))
(c:/texlive/2025/texmf-dist/tex/latex/tools/calc.sty
Package: calc 2023/07/08 v4.3 Infix arithmetic (KKT,FJ)
\calc@Acount=\count459
\calc@Bcount=\count460
\calc@Adimen=\dimen317
\calc@Bdimen=\dimen318
\calc@Askip=\skip80
\calc@Bskip=\skip81
LaTeX Info: Redefining \setlength on input line 80.
LaTeX Info: Redefining \addtolength on input line 81.
\calc@Ccount=\count461
\calc@Cskip=\skip82
)
\qpac@idxfile=\write6
\openout6 = `qpac.idx'.


Writing index file qpac.idx
(c:/texlive/2025/texmf-dist/tex/latex/setspace/setspace.sty
Package: setspace 2022/12/04 v6.7b set line spacing
)
(c:/texlive/2025/texmf-dist/tex/latex/amsmath/amsmath.sty
Package: amsmath 2024/11/05 v2.17t AMS math features
\@mathmargin=\skip83

For additional information on amsmath, use the `?' option.
(c:/texlive/2025/texmf-dist/tex/latex/amsmath/amstext.sty
Package: amstext 2021/08/26 v2.01 AMS text

(c:/texlive/2025/texmf-dist/tex/latex/amsmath/amsgen.sty
File: amsgen.sty 1999/11/30 v2.0 generic functions
\@emptytoks=\toks44
\ex@=\dimen319
))
(c:/texlive/2025/texmf-dist/tex/latex/amsmath/amsbsy.sty
Package: amsbsy 1999/11/29 v1.2d Bold Symbols
\pmbraise@=\dimen320
)
(c:/texlive/2025/texmf-dist/tex/latex/amsmath/amsopn.sty
Package: amsopn 2022/04/08 v2.04 operator names
)
\inf@bad=\count462
LaTeX Info: Redefining \frac on input line 233.
\uproot@=\count463
\leftroot@=\count464
LaTeX Info: Redefining \overline on input line 398.
LaTeX Info: Redefining \colon on input line 409.
\classnum@=\count465
\DOTSCASE@=\count466
LaTeX Info: Redefining \ldots on input line 495.
LaTeX Info: Redefining \dots on input line 498.
LaTeX Info: Redefining \cdots on input line 619.
\Mathstrutbox@=\box120
\strutbox@=\box121
LaTeX Info: Redefining \big on input line 721.
LaTeX Info: Redefining \Big on input line 722.
LaTeX Info: Redefining \bigg on input line 723.
LaTeX Info: Redefining \Bigg on input line 724.
\big@size=\dimen321
LaTeX Font Info:    Redeclaring font encoding OML on input line 742.
LaTeX Font Info:    Redeclaring font encoding OMS on input line 743.
\macc@depth=\count467
LaTeX Info: Redefining \bmod on input line 904.
LaTeX Info: Redefining \pmod on input line 909.
LaTeX Info: Redefining \smash on input line 939.
LaTeX Info: Redefining \relbar on input line 969.
LaTeX Info: Redefining \Relbar on input line 970.
\c@MaxMatrixCols=\count468
\dotsspace@=\muskip22
\c@parentequation=\count469
\dspbrk@lvl=\count470
\tag@help=\toks45
\row@=\count471
\column@=\count472
\maxfields@=\count473
\andhelp@=\toks46
\eqnshift@=\dimen322
\alignsep@=\dimen323
\tagshift@=\dimen324
\tagwidth@=\dimen325
\totwidth@=\dimen326
\lineht@=\dimen327
\@envbody=\toks47
\multlinegap=\skip84
\multlinetaggap=\skip85
\mathdisplay@stack=\toks48
LaTeX Info: Redefining \[ on input line 2953.
LaTeX Info: Redefining \] on input line 2954.
)
(c:/texlive/2025/texmf-dist/tex/latex/amsfonts/amsfonts.sty
Package: amsfonts 2013/01/14 v3.01 Basic AMSFonts support
\symAMSa=\mathgroup4
\symAMSb=\mathgroup5
LaTeX Font Info:    Redeclaring math symbol \hbar on input line 98.
LaTeX Font Info:    Overwriting math alphabet `\mathfrak' in version `bold'
(Font)                  U/euf/m/n --> U/euf/b/n on input line 106.
)
(c:/texlive/2025/texmf-dist/tex/latex/amsfonts/amssymb.sty
Package: amssymb 2013/01/14 v3.01 AMS font symbols
)
(c:/texlive/2025/texmf-dist/tex/latex/amscls/amsthm.sty
Package: amsthm 2020/05/29 v2.20.6
\thm@style=\toks49
\thm@bodyfont=\toks50
\thm@headfont=\toks51
\thm@notefont=\toks52
\thm@headpunct=\toks53
\thm@preskip=\skip86
\thm@postskip=\skip87
\thm@headsep=\skip88
\dth@everypar=\toks54
)
(c:/texlive/2025/texmf-dist/tex/latex/tcolorbox/tcolorbox.sty
Package: tcolorbox 2024/10/22 version 6.4.1 text color boxes

(c:/texlive/2025/texmf-dist/tex/latex/tools/verbatim.sty
Package: verbatim 2024-01-22 v1.5x LaTeX2e package for verbatim enhancements
\every@verbatim=\toks55
\verbatim@line=\toks56
\verbatim@in@stream=\read5
)
(c:/texlive/2025/texmf-dist/tex/latex/environ/environ.sty
Package: environ 2014/05/04 v0.3 A new way to define environments

(c:/texlive/2025/texmf-dist/tex/latex/trimspaces/trimspaces.sty
Package: trimspaces 2009/09/17 v1.1 Trim spaces around a token list
))
\tcb@titlebox=\box122
\tcb@upperbox=\box123
\tcb@lowerbox=\box124
\tcb@phantombox=\box125
\c@tcbbreakpart=\count474
\c@tcblayer=\count475
\c@tcolorbox@number=\count476
\l__tcobox_tmpa_box=\box126
\l__tcobox_tmpa_dim=\dimen328
\tcb@temp=\box127
\tcb@temp=\box128
\tcb@temp=\box129
\tcb@temp=\box130

(c:/texlive/2025/texmf-dist/tex/latex/tcolorbox/tcbraster.code.tex
Library (tcolorbox): 'tcbraster.code.tex' version '6.4.1'
\c@tcbrastercolumn=\count477
\c@tcbrasterrow=\count478
\c@tcbrasternum=\count479
\c@tcbraster=\count480
) (c:/texlive/2025/texmf-dist/tex/latex/tcolorbox/tcbskins.code.tex
Library (tcolorbox): 'tcbskins.code.tex' version '6.4.1'
(c:/texlive/2025/texmf-dist/tex/latex/tikzfill/tikzfill.image.sty
Package: tikzfill.image 2023/08/08 v1.0.1 Image filling library for TikZ

(c:/texlive/2025/texmf-dist/tex/latex/tikzfill/tikzfill-common.sty
Package: tikzfill-common 2023/08/08 v1.0.1 Auxiliary code for tikzfill
)
(c:/texlive/2025/texmf-dist/tex/latex/tikzfill/tikzlibraryfill.image.code.tex
File: tikzlibraryfill.image.code.tex 2023/08/08 v1.0.1 Image filling library
\l__tikzfill_img_box=\box131
)) (c:/texlive/2025/texmf-dist/tex/latex/tcolorbox/tcbskinsjigsaw.code.tex
Library (tcolorbox): 'tcbskinsjigsaw.code.tex' version '6.4.1'
)) (c:/texlive/2025/texmf-dist/tex/latex/tcolorbox/tcbbreakable.code.tex
Library (tcolorbox): 'tcbbreakable.code.tex' version '6.4.1'
(c:/texlive/2025/texmf-dist/tex/latex/pdfcol/pdfcol.sty
Package: pdfcol 2022-09-21 v1.7 Handle new color stacks for pdfTeX (HO)
)
Package pdfcol Info: New color stack `tcb@breakable' = 1 on input line 23.
\tcb@testbox=\box132
\tcb@totalupperbox=\box133
\tcb@totallowerbox=\box134
)
(c:/texlive/2025/texmf-dist/tex/latex/tcolorbox/tcbhooks.code.tex
Library (tcolorbox): 'tcbhooks.code.tex' version '6.4.1'
) (c:/texlive/2025/texmf-dist/tex/latex/tcolorbox/tcbtheorems.code.tex
Library (tcolorbox): 'tcbtheorems.code.tex' version '6.4.1'
) (c:/texlive/2025/texmf-dist/tex/latex/tcolorbox/tcbfitting.code.tex
Library (tcolorbox): 'tcbfitting.code.tex' version '6.4.1'
\tcbfitdim=\dimen329
\tcb@lowerfitdim=\dimen330
\tcb@upperfitdim=\dimen331
\tcb@cur@hbadness=\count481
) (c:/texlive/2025/texmf-dist/tex/latex/tcolorbox/tcblistingsutf8.code.tex
Library (tcolorbox): 'tcblistingsutf8.code.tex' version '6.4.1'
(c:/texlive/2025/texmf-dist/tex/latex/tcolorbox/tcblistings.code.tex
Library (tcolorbox): 'tcblistings.code.tex' version '6.4.1'
(c:/texlive/2025/texmf-dist/tex/latex/listings/listings.sty
\lst@mode=\count482
\lst@gtempboxa=\box135
\lst@token=\toks57
\lst@length=\count483
\lst@currlwidth=\dimen332
\lst@column=\count484
\lst@pos=\count485
\lst@lostspace=\dimen333
\lst@width=\dimen334
\lst@newlines=\count486
\lst@lineno=\count487
\lst@maxwidth=\dimen335

(c:/texlive/2025/texmf-dist/tex/latex/listings/lstpatch.sty
File: lstpatch.sty 2024/09/23 1.10c (Carsten Heinz)
)
(c:/texlive/2025/texmf-dist/tex/latex/listings/lstmisc.sty
File: lstmisc.sty 2024/09/23 1.10c (Carsten Heinz)
\c@lstnumber=\count488
\lst@skipnumbers=\count489
\lst@framebox=\box136
)
(c:/texlive/2025/texmf-dist/tex/latex/listings/listings.cfg
File: listings.cfg 2024/09/23 1.10c listings configuration
))
Package: listings 2024/09/23 1.10c (Carsten Heinz)

(c:/texlive/2025/texmf-dist/tex/latex/tcolorbox/tcblistingscore.code.tex
Library (tcolorbox): 'tcblistingscore.code.tex' version '6.4.1'
(c:/texlive/2025/texmf-dist/tex/latex/tcolorbox/tcbprocessing.code.tex
Library (tcolorbox): 'tcbprocessing.code.tex' version '6.4.1'
)
\c@tcblisting=\count490
)) (c:/texlive/2025/texmf-dist/tex/latex/listingsutf8/listingsutf8.sty
Package: listingsutf8 2019-12-10 v1.5 Allow UTF-8 in listings input (HO)

(c:/texlive/2025/texmf-dist/tex/generic/stringenc/stringenc.sty
Package: stringenc 2019/11/29 v1.12 Convert strings between diff. encodings (HO
)

(c:/texlive/2025/texmf-dist/tex/generic/pdfescape/pdfescape.sty
Package: pdfescape 2019/12/09 v1.15 Implements pdfTeX's escape features (HO)
))))
(c:/texlive/2025/texmf-dist/tex/latex/tcolorbox/tcbexternal.code.tex
Library (tcolorbox): 'tcbexternal.code.tex' version '6.4.1'
) (c:/texlive/2025/texmf-dist/tex/latex/tcolorbox/tcbmagazine.code.tex
Library (tcolorbox): 'tcbmagazine.code.tex' version '6.4.1'
) (c:/texlive/2025/texmf-dist/tex/latex/tcolorbox/tcbvignette.code.tex
Library (tcolorbox): 'tcbvignette.code.tex' version '6.4.1'

(c:/texlive/2025/texmf-dist/tex/generic/pgf/frontendlayer/tikz/libraries/tikzli
braryfadings.code.tex
File: tikzlibraryfadings.code.tex 2023-01-15 v3.1.10 (3.1.10)

(c:/texlive/2025/texmf-dist/tex/generic/pgf/libraries/pgflibraryfadings.code.te
x
File: pgflibraryfadings.code.tex 2023-01-15 v3.1.10 (3.1.10)
))) (c:/texlive/2025/texmf-dist/tex/latex/tcolorbox/tcbposter.code.tex
Library (tcolorbox): 'tcbposter.code.tex' version '6.4.1'
)) (c:/texlive/2025/texmf-dist/tex/latex/titlesec/titletoc.sty
Package: titletoc 2025/01/04 v2.17 TOC entries
\ttl@leftsep=\dimen336
)
(c:/texlive/2025/texmf-dist/tex/latex/fancyhdr/fancyhdr.sty
Package: fancyhdr 2025/02/07 v5.2 Extensive control of page headers and footers

\f@nch@headwidth=\skip89
\f@nch@offset@elh=\skip90
\f@nch@offset@erh=\skip91
\f@nch@offset@olh=\skip92
\f@nch@offset@orh=\skip93
\f@nch@offset@elf=\skip94
\f@nch@offset@erf=\skip95
\f@nch@offset@olf=\skip96
\f@nch@offset@orf=\skip97
\f@nch@height=\skip98
\f@nch@footalignment=\skip99
\f@nch@widthL=\skip100
\f@nch@widthC=\skip101
\f@nch@widthR=\skip102
\@temptokenb=\toks58
)
\c@notation=\count491
\c@dummy=\count492
\c@problem=\count493
\c@exerciseT=\count494
\c@exampleT=\count495
\c@vocabulary=\count496
\c@definitionT=\count497
\c@bioT=\count498

(c:/texlive/2025/texmf-dist/tex/latex/mdframed/mdframed.sty
Package: mdframed 2013/07/01 1.9b: mdframed

(c:/texlive/2025/texmf-dist/tex/latex/zref/zref-abspage.sty
Package: zref-abspage 2023-09-14 v2.35 Module abspage for zref (HO)

(c:/texlive/2025/texmf-dist/tex/latex/zref/zref-base.sty
Package: zref-base 2023-09-14 v2.35 Module base for zref (HO)

(c:/texlive/2025/texmf-dist/tex/generic/etexcmds/etexcmds.sty
Package: etexcmds 2019/12/15 v1.7 Avoid name clashes with e-TeX commands (HO)
)
(c:/texlive/2025/texmf-dist/tex/latex/auxhook/auxhook.sty
Package: auxhook 2019-12-17 v1.6 Hooks for auxiliary files (HO)
)
Package zref Info: New property list: main on input line 767.
Package zref Info: New property: default on input line 768.
Package zref Info: New property: page on input line 769.
)
\c@abspage=\count499
Package zref Info: New property: abspage on input line 67.
)
(c:/texlive/2025/texmf-dist/tex/latex/needspace/needspace.sty
Package: needspace 2010/09/12 v1.3d reserve vertical space
)
\mdf@templength=\skip103
\c@mdf@globalstyle@cnt=\count500
\mdf@skipabove@length=\skip104
\mdf@skipbelow@length=\skip105
\mdf@leftmargin@length=\skip106
\mdf@rightmargin@length=\skip107
\mdf@innerleftmargin@length=\skip108
\mdf@innerrightmargin@length=\skip109
\mdf@innertopmargin@length=\skip110
\mdf@innerbottommargin@length=\skip111
\mdf@splittopskip@length=\skip112
\mdf@splitbottomskip@length=\skip113
\mdf@outermargin@length=\skip114
\mdf@innermargin@length=\skip115
\mdf@linewidth@length=\skip116
\mdf@innerlinewidth@length=\skip117
\mdf@middlelinewidth@length=\skip118
\mdf@outerlinewidth@length=\skip119
\mdf@roundcorner@length=\skip120
\mdf@footenotedistance@length=\skip121
\mdf@userdefinedwidth@length=\skip122
\mdf@needspace@length=\skip123
\mdf@frametitleaboveskip@length=\skip124
\mdf@frametitlebelowskip@length=\skip125
\mdf@frametitlerulewidth@length=\skip126
\mdf@frametitleleftmargin@length=\skip127
\mdf@frametitlerightmargin@length=\skip128
\mdf@shadowsize@length=\skip129
\mdf@extratopheight@length=\skip130
\mdf@subtitleabovelinewidth@length=\skip131
\mdf@subtitlebelowlinewidth@length=\skip132
\mdf@subtitleaboveskip@length=\skip133
\mdf@subtitlebelowskip@length=\skip134
\mdf@subtitleinneraboveskip@length=\skip135
\mdf@subtitleinnerbelowskip@length=\skip136
\mdf@subsubtitleabovelinewidth@length=\skip137
\mdf@subsubtitlebelowlinewidth@length=\skip138
\mdf@subsubtitleaboveskip@length=\skip139
\mdf@subsubtitlebelowskip@length=\skip140
\mdf@subsubtitleinneraboveskip@length=\skip141
\mdf@subsubtitleinnerbelowskip@length=\skip142

(c:/texlive/2025/texmf-dist/tex/latex/mdframed/md-frame-1.mdf
File: md-frame-1.mdf 2013/07/01\ 1.9b: md-frame-1
)
\mdf@frametitlebox=\box137
\mdf@footnotebox=\box138
\mdf@splitbox@one=\box139
\mdf@splitbox@two=\box140
\mdf@splitbox@save=\box141
\mdfsplitboxwidth=\skip143
\mdfsplitboxtotalwidth=\skip144
\mdfsplitboxheight=\skip145
\mdfsplitboxdepth=\skip146
\mdfsplitboxtotalheight=\skip147
\mdfframetitleboxwidth=\skip148
\mdfframetitleboxtotalwidth=\skip149
\mdfframetitleboxheight=\skip150
\mdfframetitleboxdepth=\skip151
\mdfframetitleboxtotalheight=\skip152
\mdffootnoteboxwidth=\skip153
\mdffootnoteboxtotalwidth=\skip154
\mdffootnoteboxheight=\skip155
\mdffootnoteboxdepth=\skip156
\mdffootnoteboxtotalheight=\skip157
\mdftotallinewidth=\skip158
\mdfboundingboxwidth=\skip159
\mdfboundingboxtotalwidth=\skip160
\mdfboundingboxheight=\skip161
\mdfboundingboxdepth=\skip162
\mdfboundingboxtotalheight=\skip163
\mdf@freevspace@length=\skip164
\mdf@horizontalwidthofbox@length=\skip165
\mdf@verticalmarginwhole@length=\skip166
\mdf@horizontalspaceofbox=\skip167
\mdfsubtitleheight=\skip168
\mdfsubsubtitleheight=\skip169
\c@mdfcountframes=\count501

****** mdframed patching \endmdf@trivlist

****** -- success******

\mdf@envdepth=\count502
\c@mdf@env@i=\count503
\c@mdf@env@ii=\count504
\c@mdf@zref@counter=\count505
Package zref Info: New property: mdf@pagevalue on input line 895.
)
\esp=\skip170
\ecart=\skip171

(c:/texlive/2025/texmf-dist/tex/latex/hyperref/hyperref.sty
Package: hyperref 2024-11-05 v7.01l Hypertext links for LaTeX

(c:/texlive/2025/texmf-dist/tex/latex/hycolor/hycolor.sty
Package: hycolor 2020-01-27 v1.10 Color options for hyperref/bookmark (HO)
)
(c:/texlive/2025/texmf-dist/tex/latex/hyperref/nameref.sty
Package: nameref 2023-11-26 v2.56 Cross-referencing by name of section

(c:/texlive/2025/texmf-dist/tex/latex/refcount/refcount.sty
Package: refcount 2019/12/15 v3.6 Data extraction from label references (HO)
)
(c:/texlive/2025/texmf-dist/tex/generic/gettitlestring/gettitlestring.sty
Package: gettitlestring 2019/12/15 v1.6 Cleanup title references (HO)
)
\c@section@level=\count506
)
\@linkdim=\dimen337
\Hy@linkcounter=\count507
\Hy@pagecounter=\count508

(c:/texlive/2025/texmf-dist/tex/latex/hyperref/pd1enc.def
File: pd1enc.def 2024-11-05 v7.01l Hyperref: PDFDocEncoding definition (HO)
Now handling font encoding PD1 ...
... no UTF-8 mapping file for font encoding PD1
)
(c:/texlive/2025/texmf-dist/tex/generic/intcalc/intcalc.sty
Package: intcalc 2019/12/15 v1.3 Expandable calculations with integers (HO)
)
\Hy@SavedSpaceFactor=\count509

(c:/texlive/2025/texmf-dist/tex/latex/hyperref/puenc.def
File: puenc.def 2024-11-05 v7.01l Hyperref: PDF Unicode definition (HO)
Now handling font encoding PU ...
... no UTF-8 mapping file for font encoding PU
)
Package hyperref Info: Hyper figures OFF on input line 4157.
Package hyperref Info: Link nesting OFF on input line 4162.
Package hyperref Info: Hyper index ON on input line 4165.
Package hyperref Info: Plain pages OFF on input line 4172.
Package hyperref Info: Backreferencing OFF on input line 4177.
Package hyperref Info: Implicit mode ON; LaTeX internals redefined.
Package hyperref Info: Bookmarks ON on input line 4424.
\c@Hy@tempcnt=\count510
LaTeX Info: Redefining \url on input line 4763.
\XeTeXLinkMargin=\dimen338

(c:/texlive/2025/texmf-dist/tex/generic/bitset/bitset.sty
Package: bitset 2019/12/09 v1.3 Handle bit-vector datatype (HO)

(c:/texlive/2025/texmf-dist/tex/generic/bigintcalc/bigintcalc.sty
Package: bigintcalc 2019/12/15 v1.5 Expandable calculations on big integers (HO
)
))
\Fld@menulength=\count511
\Field@Width=\dimen339
\Fld@charsize=\dimen340
Package hyperref Info: Hyper figures OFF on input line 6042.
Package hyperref Info: Link nesting OFF on input line 6047.
Package hyperref Info: Hyper index ON on input line 6050.
Package hyperref Info: backreferencing OFF on input line 6057.
Package hyperref Info: Link coloring OFF on input line 6062.
Package hyperref Info: Link coloring with OCG OFF on input line 6067.
Package hyperref Info: PDF/A mode OFF on input line 6072.

(c:/texlive/2025/texmf-dist/tex/latex/base/atbegshi-ltx.sty
Package: atbegshi-ltx 2021/01/10 v1.0c Emulation of the original atbegshi
package with kernel methods
)
\Hy@abspage=\count512
\c@Item=\count513
\c@Hfootnote=\count514
)
Package hyperref Info: Driver (autodetected): hpdftex.

(c:/texlive/2025/texmf-dist/tex/latex/hyperref/hpdftex.def
File: hpdftex.def 2024-11-05 v7.01l Hyperref driver for pdfTeX

(c:/texlive/2025/texmf-dist/tex/latex/base/atveryend-ltx.sty
Package: atveryend-ltx 2020/08/19 v1.0a Emulation of the original atveryend pac
kage
with kernel methods
)
\HyAnn@Count=\count515
\Fld@listcount=\count516
\c@bookmark@seq@number=\count517

(c:/texlive/2025/texmf-dist/tex/latex/rerunfilecheck/rerunfilecheck.sty
Package: rerunfilecheck 2022-07-10 v1.10 Rerun checks for auxiliary files (HO)

(c:/texlive/2025/texmf-dist/tex/generic/uniquecounter/uniquecounter.sty
Package: uniquecounter 2019/12/15 v1.4 Provide unlimited unique counter (HO)
)
Package uniquecounter Info: New unique counter `rerunfilecheck' on input line 2
85.
)
\Hy@SectionHShift=\skip172
)

Package hyperref Warning: Option `backref' has already been used,
(hyperref)                setting the option has no effect on input line 611.


Package hyperref Warning: Option `pagebackref' has already been used,
(hyperref)                setting the option has no effect on input line 611.


Package hyperref Warning: Option `hyperindex' has already been used,
(hyperref)                setting the option has no effect on input line 611.

Package hyperref Info: Option `colorlinks' set `false' on input line 611.
Package hyperref Info: Option `breaklinks' set `true' on input line 611.

Package hyperref Warning: Option `bookmarks' has already been used,
(hyperref)                setting the option has no effect on input line 611.

Package hyperref Info: Option `bookmarksopen' set `false' on input line 611.
(c:/texlive/2025/texmf-dist/tex/latex/bookmark/bookmark.sty
Package: bookmark 2023-12-10 v1.31 PDF bookmarks (HO)

(c:/texlive/2025/texmf-dist/tex/latex/bookmark/bkm-pdftex.def
File: bkm-pdftex.def 2023-12-10 v1.31 bookmark driver for pdfTeX and luaTeX (HO
)
\BKM@id=\count518
))
(c:/texlive/2025/texmf-dist/tex/latex/fontawesome/fontawesome.sty
Package: fontawesome 2016/05/15 v4.6.3.1 font awesome icons

(c:/texlive/2025/texmf-dist/tex/latex/fontawesome/fontawesomesymbols-generic.te
x)
(c:/texlive/2025/texmf-dist/tex/latex/fontawesome/fontawesomesymbols-pdftex.tex
)) (c:/texlive/2025/texmf-dist/tex/latex/mnsymbol/MnSymbol.sty
Package: MnSymbol 2007/01/21 v1.4 support for the MnSymbol font
LaTeX Info: Redefining \dagger on input line 84.
LaTeX Info: Redefining \ddagger on input line 84.
LaTeX Info: Redefining \mathparagraph on input line 84.
LaTeX Info: Redefining \mathsection on input line 84.
LaTeX Info: Redefining \mathdollar on input line 84.
LaTeX Info: Redefining \mathsterling on input line 84.
LaTeX Info: Redefining \yen on input line 84.
LaTeX Info: Redefining \circledR on input line 84.
LaTeX Info: Redefining \circledS on input line 84.
LaTeX Info: Redefining \Re on input line 84.
LaTeX Info: Redefining \Im on input line 84.
LaTeX Info: Redefining \dotplus on input line 84.
LaTeX Info: Redefining \thicksim on input line 84.
LaTeX Info: Redefining \thickapprox on input line 84.
LaTeX Info: Redefining \veebar on input line 84.
LaTeX Info: Redefining \barwedge on input line 84.
LaTeX Info: Redefining \doublebarwedge on input line 84.
LaTeX Info: Redefining \centerdot on input line 84.
LaTeX Info: Redefining \divideontimes on input line 84.
\symMnSyA=\mathgroup6
\symMnSyB=\mathgroup7
\symMnSyC=\mathgroup8
\symMnSyD=\mathgroup9
LaTeX Font Info:    Redeclaring symbol font `largesymbols' on input line 119.
LaTeX Font Info:    Overwriting symbol font `largesymbols' in version `normal'
(Font)                  OMX/lmex/m/n --> OMX/MnSymbolE/m/n on input line 119.
LaTeX Font Info:    Overwriting symbol font `largesymbols' in version `bold'
(Font)                  OMX/lmex/m/n --> OMX/MnSymbolE/m/n on input line 119.
LaTeX Font Info:    Redeclaring symbol font `symbols' on input line 120.
LaTeX Font Info:    Encoding `OMS' has changed to `U' for symbol font
(Font)              `symbols' in the math version `normal' on input line 120.
LaTeX Font Info:    Overwriting symbol font `symbols' in version `normal'
(Font)                  OMS/lmsy/m/n --> U/MnSymbolF/m/n on input line 120.
LaTeX Font Info:    Encoding `OMS' has changed to `U' for symbol font
(Font)              `symbols' in the math version `bold' on input line 120.
LaTeX Font Info:    Overwriting symbol font `symbols' in version `bold'
(Font)                  OMS/lmsy/b/n --> U/MnSymbolF/m/n on input line 120.
LaTeX Font Info:    Overwriting symbol font `MnSyA' in version `bold'
(Font)                  U/MnSymbolA/m/n --> U/MnSymbolA/b/n on input line 121.
LaTeX Font Info:    Overwriting symbol font `MnSyB' in version `bold'
(Font)                  U/MnSymbolB/m/n --> U/MnSymbolB/b/n on input line 122.
LaTeX Font Info:    Overwriting symbol font `MnSyC' in version `bold'
(Font)                  U/MnSymbolC/m/n --> U/MnSymbolC/b/n on input line 123.
LaTeX Font Info:    Overwriting symbol font `MnSyD' in version `bold'
(Font)                  U/MnSymbolD/m/n --> U/MnSymbolD/b/n on input line 124.
LaTeX Font Info:    Overwriting symbol font `largesymbols' in version `bold'
(Font)                  OMX/MnSymbolE/m/n --> OMX/MnSymbolE/b/n on input line 1
25.
LaTeX Font Info:    Overwriting symbol font `symbols' in version `bold'
(Font)                  U/MnSymbolF/m/n --> U/MnSymbolF/b/n on input line 126.
LaTeX Font Info:    Redeclaring math alphabet \mathcal on input line 241.
LaTeX Font Info:    Overwriting math alphabet `\mathcal' in version `bold'
(Font)                  OMS/MnSymbolS/m/n --> OMS/MnSymbolS/b/n on input line 2
41.
LaTeX Info: Redefining \longrightarrow on input line 548.
LaTeX Info: Redefining \longleftarrow on input line 549.
LaTeX Info: Redefining \longleftrightarrow on input line 550.
LaTeX Info: Redefining \Longrightarrow on input line 551.
LaTeX Info: Redefining \Longleftarrow on input line 552.
LaTeX Info: Redefining \Longleftrightarrow on input line 553.
LaTeX Info: Redefining \longmapsto on input line 554.
LaTeX Info: Redefining \vdots on input line 868.
LaTeX Font Info:    Redeclaring math symbol \braceld on input line 1721.
LaTeX Font Info:    Redeclaring math symbol \bracelu on input line 1722.
LaTeX Font Info:    Redeclaring math symbol \bracerd on input line 1723.
LaTeX Font Info:    Redeclaring math symbol \braceru on input line 1724.
LaTeX Info: Redefining \downbracefill on input line 1799.
LaTeX Info: Redefining \upbracefill on input line 1800.
LaTeX Info: Redefining \overbrace on input line 1819.
LaTeX Info: Redefining \underbrace on input line 1820.
LaTeX Info: Redefining \surd on input line 1843.
LaTeX Font Info:    Redeclaring math accent \widehat on input line 1845.
LaTeX Font Info:    Redeclaring math accent \widetilde on input line 1846.
LaTeX Font Info:    Redeclaring math accent \vec on input line 1848.
))
(c:/texlive/2025/texmf-dist/tex/latex/mathtools/mathtools.sty
Package: mathtools 2024/10/04 v1.31 mathematical typesetting tools

(c:/texlive/2025/texmf-dist/tex/latex/mathtools/mhsetup.sty
Package: mhsetup 2021/03/18 v1.4 programming setup (MH)
)
\g_MT_multlinerow_int=\count519
\l_MT_multwidth_dim=\dimen341
\origjot=\skip173
\l_MT_shortvdotswithinadjustabove_dim=\dimen342
\l_MT_shortvdotswithinadjustbelow_dim=\dimen343
\l_MT_above_intertext_sep=\dimen344
\l_MT_below_intertext_sep=\dimen345
\l_MT_above_shortintertext_sep=\dimen346
\l_MT_below_shortintertext_sep=\dimen347
\xmathstrut@box=\box142
\xmathstrut@dim=\dimen348
)
(c:/texlive/2025/texmf-dist/tex/latex/sidecap/sidecap.sty
Package: sidecap 2023/01/24 v1.7a SideCap Package (RN/HjG)
\SC@BOXWD=\dimen349
\SC@CAPWD=\dimen350
\SC@tempdima=\dimen351
\SC@tempdimb=\dimen352
\c@SC@C=\count520
\SC@BOX=\box143
)
Package csquotes Info: Checking for multilingual support...
Package csquotes Info: ... found 'babel' package.
Package csquotes Info: Adjusting default style.
Package csquotes Info: Redefining alias 'default' -> 'english'.
 (./qpac.aux)
\openout1 = `qpac.aux'.

LaTeX Font Info:    Checking defaults for OML/cmm/m/it on input line 74.
LaTeX Font Info:    ... okay on input line 74.
LaTeX Font Info:    Checking defaults for OMS/cmsy/m/n on input line 74.
LaTeX Font Info:    ... okay on input line 74.
LaTeX Font Info:    Checking defaults for OT1/cmr/m/n on input line 74.
LaTeX Font Info:    ... okay on input line 74.
LaTeX Font Info:    Checking defaults for T1/cmr/m/n on input line 74.
LaTeX Font Info:    ... okay on input line 74.
LaTeX Font Info:    Checking defaults for TS1/cmr/m/n on input line 74.
LaTeX Font Info:    ... okay on input line 74.
LaTeX Font Info:    Checking defaults for OMX/cmex/m/n on input line 74.
LaTeX Font Info:    ... okay on input line 74.
LaTeX Font Info:    Checking defaults for U/cmr/m/n on input line 74.
LaTeX Font Info:    ... okay on input line 74.
LaTeX Font Info:    Checking defaults for PD1/pdf/m/n on input line 74.
LaTeX Font Info:    ... okay on input line 74.
LaTeX Font Info:    Checking defaults for PU/pdf/m/n on input line 74.
LaTeX Font Info:    ... okay on input line 74.

(c:/texlive/2025/texmf-dist/tex/context/base/mkii/supp-pdf.mkii
[Loading MPS to PDF converter (version 2006.09.02).]
\scratchcounter=\count521
\scratchdimen=\dimen353
\scratchbox=\box144
\nofMPsegments=\count522
\nofMParguments=\count523
\everyMPshowfont=\toks59
\MPscratchCnt=\count524
\MPscratchDim=\dimen354
\MPnumerator=\count525
\makeMPintoPDFobject=\count526
\everyMPtoPDFconversion=\toks60
)
Package caption Info: Begin \AtBeginDocument code.
Package caption Info: hyperref package is loaded.
Package caption Info: listings package is loaded.
Package caption Info: sidecap package is loaded.
Package caption Info: End \AtBeginDocument code.

*geometry* driver: auto-detecting
*geometry* detected driver: pdftex
*geometry* verbose mode - [ preamble ] result:
* driver: pdftex
* paper: custom
* layout: <same size as paper>
* layoutoffset:(h,v)=(0.0pt,0.0pt)
* modes: twoside 
* h-part:(L,W,R)=(57.81621pt, 317.98758pt, 57.81621pt)
* v-part:(T,H,B)=(57.81621pt, 534.79758pt, 57.81621pt)
* \paperwidth=433.62pt
* \paperheight=650.43pt
* \textwidth=317.98758pt
* \textheight=534.79758pt
* \oddsidemargin=-14.45378pt
* \evensidemargin=-14.45378pt
* \topmargin=-46.32758pt
* \headheight=14.5pt
* \headsep=19.8738pt
* \topskip=11.0pt
* \footskip=27.46295pt
* \marginparwidth=116.0pt
* \marginparsep=7.0pt
* \columnsep=10.0pt
* \skip\footins=10.0pt plus 4.0pt minus 2.0pt
* \hoffset=0.0pt
* \voffset=0.0pt
* \mag=1000
* \@twocolumnfalse
* \@twosidetrue
* \@mparswitchtrue
* \@reversemarginfalse
* (1in=72.27pt=25.4mm, 1cm=28.453pt)

\c@mv@tabular=\count527
\c@mv@boldtabular=\count528
LaTeX Info: Redefining \microtypecontext on input line 74.
Package microtype Info: Applying patch `item' on input line 74.
Package microtype Info: Applying patch `toc' on input line 74.
Package microtype Info: Applying patch `eqnum' on input line 74.
Package microtype Info: Applying patch `footnote' on input line 74.
Package microtype Info: Applying patch `verbatim' on input line 74.
LaTeX Info: Redefining \microtypesetup on input line 74.
Package microtype Info: Generating PDF output.
Package microtype Info: Character protrusion enabled (level 2).
Package microtype Info: Using default protrusion set `alltext'.
Package microtype Info: Automatic font expansion enabled (level 2),
(microtype)             stretch: 20, shrink: 20, step: 1, non-selected.
Package microtype Info: Using default expansion set `alltext-nott'.
LaTeX Info: Redefining \showhyphens on input line 74.
Package microtype Info: No adjustment of tracking.
Package microtype Info: No adjustment of interword spacing.
Package microtype Info: No adjustment of character kerning.
Package microtype Info: Loading generic protrusion settings for font family
(microtype)             `LinuxLibertineT-TLF' (encoding: T1).
(microtype)             For optimal results, create family-specific settings.
(microtype)             See the microtype manual for details.
Package biblatex Info: Trying to load language 'english'...
Package biblatex Info: ... file 'english.lbx' found.
(c:/texlive/2025/texmf-dist/tex/latex/biblatex/lbx/english.lbx
File: english.lbx 2024/03/21 v3.20 biblatex localization (PK/MW)
)
Package biblatex Info: Input encoding 'utf8' detected.
Package biblatex Info: Automatic encoding selection.
(biblatex)             Assuming data encoding 'utf8'.
\openout5 = `qpac.bcf'.

Package biblatex Info: Trying to load bibliographic data...
Package biblatex Info: ... file 'qpac.bbl' found.
 (./qpac.bbl)
Package biblatex Info: Reference section=0 on input line 74.
Package biblatex Info: Reference segment=0 on input line 74.
\c@lstlisting=\count529
Package hyperref Info: Link coloring OFF on input line 74.

(c:/texlive/2025/texmf-dist/tex/latex/ragged2e/ragged2e.sty
Package: ragged2e 2023/06/22 v3.6 ragged2e Package
\CenteringLeftskip=\skip174
\RaggedLeftLeftskip=\skip175
\RaggedRightLeftskip=\skip176
\CenteringRightskip=\skip177
\RaggedLeftRightskip=\skip178
\RaggedRightRightskip=\skip179
\CenteringParfillskip=\skip180
\RaggedLeftParfillskip=\skip181
\RaggedRightParfillskip=\skip182
\JustifyingParfillskip=\skip183
\CenteringParindent=\skip184
\RaggedLeftParindent=\skip185
\RaggedRightParindent=\skip186
\JustifyingParindent=\skip187
)
<pics/bookCoverInner_Var1.pdf, id=43, 433.62pt x 650.43pt>
File: pics/bookCoverInner_Var1.pdf Graphic file (type pdf)
<use pics/bookCoverInner_Var1.pdf>
Package pdftex.def Info: pics/bookCoverInner_Var1.pdf  used on input line 86.
(pdftex.def)             Requested size: 433.62pt x 650.45818pt.


[1

 <./pics/bookCoverInner_Var1.pdf>]
LaTeX Font Info:    Font shape `T1/LinuxLibertineT-TLF/m/sc' will be
(Font)              scaled to size 10.95pt on input line 104.
<pics/ISBN_978_1_7948_2018_0.pdf, id=59, 79.79813pt x 37.64063pt>
File: pics/ISBN_978_1_7948_2018_0.pdf Graphic file (type pdf)
<use pics/ISBN_978_1_7948_2018_0.pdf>
Package pdftex.def Info: pics/ISBN_978_1_7948_2018_0.pdf  used on input line 10
8.
(pdftex.def)             Requested size: 79.79791pt x 37.64052pt.
LaTeX Font Info:    Trying to load font information for TS1+LinuxLibertineT-TLF
 on input line 110.

(c:/texlive/2025/texmf-dist/tex/latex/libertine/TS1LinuxLibertineT-TLF.fd
File: TS1LinuxLibertineT-TLF.fd 2017/03/20 (autoinst) Font definitions for TS1/
LinuxLibertineT-TLF.
)
LaTeX Font Info:    Font shape `TS1/LinuxLibertineT-TLF/m/n' will be
(Font)              scaled to size 10.95pt on input line 110.
Package microtype Info: Loading generic protrusion settings for font family
(microtype)             `LinuxLibertineT-TLF' (encoding: TS1).
(microtype)             For optimal results, create family-specific settings.
(microtype)             See the microtype manual for details.


[2{c:/texlive/2025/texmf-var/fonts/map/pdftex/updmap/pdftex.map}{c:/texlive/202
5/texmf-dist/fonts/enc/dvips/libertine/lbtn_76gpa5.enc}{c:/texlive/2025/texmf-d
ist/fonts/enc/dvips/libertine/lbtn_ncsllp.enc}{c:/texlive/2025/texmf-dist/fonts
/enc/dvips/libertine/lbtn_naooyc.enc} <./pics/ISBN_978_1_7948_2018_0.pdf>]
<pics/dedication.pdf, id=79, 426.39302pt x 643.20299pt>
File: pics/dedication.pdf Graphic file (type pdf)
<use pics/dedication.pdf>
Package pdftex.def Info: pics/dedication.pdf  used on input line 138.
(pdftex.def)             Requested size: 433.62pt x 654.12492pt.


[3 <./pics/dedication.pdf>]

[4

]
<pics/chapterImageDefault.pdf, id=96, 428.62297pt x 86.2926pt>
File: pics/chapterImageDefault.pdf Graphic file (type pdf)
<use pics/chapterImageDefault.pdf>
Package pdftex.def Info: pics/chapterImageDefault.pdf  used on input line 160.
(pdftex.def)             Requested size: 433.62pt x 87.3036pt.
LaTeX Font Info:    Font shape `T1/LinuxLibertineT-TLF/m/n' will be
(Font)              scaled to size 20.74pt on input line 160.
LaTeX Font Info:    Trying to load font information for T1+LinuxBiolinumT-TLF o
n input line 160.
 (c:/texlive/2025/texmf-dist/tex/latex/libertine/T1LinuxBiolinumT-TLF.fd
File: T1LinuxBiolinumT-TLF.fd 2017/03/20 (autoinst) Font definitions for T1/Lin
uxBiolinumT-TLF.
)
LaTeX Font Info:    Font shape `T1/LinuxBiolinumT-TLF/m/n' will be
(Font)              scaled to size 20.74pt on input line 160.
Package microtype Info: Loading generic protrusion settings for font family
(microtype)             `LinuxBiolinumT-TLF' (encoding: T1).
(microtype)             For optimal results, create family-specific settings.
(microtype)             See the microtype manual for details.
LaTeX Font Info:    Font shape `T1/LinuxBiolinumT-TLF/b/n' will be
(Font)              scaled to size 20.74pt on input line 160.

(./qpac.toc
LaTeX Font Info:    Font shape `T1/LinuxLibertineT-TLF/m/n' will be
(Font)              scaled to size 12.0pt on input line 2.
LaTeX Font Info:    Font shape `T1/LinuxBiolinumT-TLF/m/n' will be
(Font)              scaled to size 12.0pt on input line 2.
LaTeX Font Info:    Font shape `T1/LinuxBiolinumT-TLF/b/n' will be
(Font)              scaled to size 12.0pt on input line 2.
LaTeX Font Info:    Font shape `T1/LinuxBiolinumT-TLF/b/n' will be
(Font)              scaled to size 14.4pt on input line 2.
LaTeX Font Info:    Font shape `T1/LinuxBiolinumT-TLF/b/n' will be
(Font)              scaled to size 10.95pt on input line 2.
LaTeX Font Info:    Font shape `T1/LinuxBiolinumT-TLF/m/n' will be
(Font)              scaled to size 10.95pt on input line 3.
LaTeX Font Info:    Font shape `T1/LinuxBiolinumT-TLF/m/n' will be
(Font)              scaled to size 10.0pt on input line 8.


[5{c:/texlive/2025/texmf-dist/fonts/enc/dvips/libertine/lbtn_25tcsq.enc} <./pic
s/chapterImageDefault.pdf>]

[6])
\tf@toc=\write7
\openout7 = `qpac.toc'.



[7]

[8

] (../00Preface/acknowledgement.tex
LaTeX Font Info:    Font shape `T1/LinuxLibertineT-TLF/b/n' will be
(Font)              scaled to size 12.0pt on input line 1.
LaTeX Font Info:    Font shape `T1/LinuxLibertineT-TLF/m/it' will be
(Font)              scaled to size 10.95pt on input line 10.

(c:/texlive/2025/texmf-dist/tex/latex/microtype/mt-cmr.cfg
File: mt-cmr.cfg 2013/05/19 v2.2 microtype config. file: Computer Modern Roman 
(RS)
)
LaTeX Font Info:    Trying to load font information for OML+lmm on input line 1
6.

(c:/texlive/2025/texmf-dist/tex/latex/lm/omllmm.fd
File: omllmm.fd 2015/05/01 v1.6.1 Font defs for Latin Modern
)
Package microtype Info: Fixing zero \fontdimen 6 for font `OMX/MnSymbolE/m/n/10
.95'
(microtype)             (new value: 10.95pt) on input line 16.
Package microtype Info: Fixing zero \fontdimen 6 for font `OMX/MnSymbolE/m/n/8'

(microtype)             (new value: 8.0pt) on input line 16.
Package microtype Info: Fixing zero \fontdimen 6 for font `OMX/MnSymbolE/m/n/6'

(microtype)             (new value: 6.0pt) on input line 16.
LaTeX Font Info:    Trying to load font information for U+msa on input line 16.


(c:/texlive/2025/texmf-dist/tex/latex/amsfonts/umsa.fd
File: umsa.fd 2013/01/14 v3.01 AMS symbols A
)
(c:/texlive/2025/texmf-dist/tex/latex/microtype/mt-msa.cfg
File: mt-msa.cfg 2006/02/04 v1.1 microtype config. file: AMS symbols (a) (RS)
)
LaTeX Font Info:    Trying to load font information for U+msb on input line 16.


(c:/texlive/2025/texmf-dist/tex/latex/amsfonts/umsb.fd
File: umsb.fd 2013/01/14 v3.01 AMS symbols B
)
(c:/texlive/2025/texmf-dist/tex/latex/microtype/mt-msb.cfg
File: mt-msb.cfg 2005/06/01 v1.0 microtype config. file: AMS symbols (b) (RS)
)
Package microtype Info: Fixing zero \fontdimen 6 for font `U/MnSymbolA/m/n/10.9
5'
(microtype)             (new value: 10.95pt) on input line 16.
Package microtype Info: Fixing zero \fontdimen 6 for font `U/MnSymbolA/m/n/8'
(microtype)             (new value: 8.0pt) on input line 16.
Package microtype Info: Fixing zero \fontdimen 6 for font `U/MnSymbolA/m/n/6'
(microtype)             (new value: 6.0pt) on input line 16.
Package microtype Info: Fixing zero \fontdimen 6 for font `U/MnSymbolB/m/n/10.9
5'
(microtype)             (new value: 10.95pt) on input line 16.
Package microtype Info: Fixing zero \fontdimen 6 for font `U/MnSymbolB/m/n/8'
(microtype)             (new value: 8.0pt) on input line 16.
Package microtype Info: Fixing zero \fontdimen 6 for font `U/MnSymbolB/m/n/6'
(microtype)             (new value: 6.0pt) on input line 16.
Package microtype Info: Fixing zero \fontdimen 6 for font `U/MnSymbolC/m/n/10.9
5'
(microtype)             (new value: 10.95pt) on input line 16.
Package microtype Info: Fixing zero \fontdimen 6 for font `U/MnSymbolC/m/n/8'
(microtype)             (new value: 8.0pt) on input line 16.
Package microtype Info: Fixing zero \fontdimen 6 for font `U/MnSymbolC/m/n/6'
(microtype)             (new value: 6.0pt) on input line 16.
Package microtype Info: Fixing zero \fontdimen 6 for font `U/MnSymbolD/m/n/10.9
5'
(microtype)             (new value: 10.95pt) on input line 16.
Package microtype Info: Fixing zero \fontdimen 6 for font `U/MnSymbolD/m/n/8'
(microtype)             (new value: 8.0pt) on input line 16.
Package microtype Info: Fixing zero \fontdimen 6 for font `U/MnSymbolD/m/n/6'
(microtype)             (new value: 6.0pt) on input line 16.
)

[9{c:/texlive/2025/texmf-dist/fonts/enc/dvips/libertine/lbtn_nh77jq.enc}{c:/tex
live/2025/texmf-dist/fonts/enc/dvips/libertine/lbtn_7grukw.enc}]

[10

]
File: pics/chapterImageDefault.pdf Graphic file (type pdf)
<use pics/chapterImageDefault.pdf>
Package pdftex.def Info: pics/chapterImageDefault.pdf  used on input line 173.
(pdftex.def)             Requested size: 433.62pt x 87.3036pt.
 (../00Preface/preface.tex
Underfull \vbox (badness 1137) has occurred while \output is active []



[11]
LaTeX Font Info:    Font shape `T1/LinuxLibertineT-TLF/b/n' will be
(Font)              scaled to size 10.95pt on input line 13.
) (../01Introduction/introduction.tex

[12]
Chapter 1.
<pics/chapterImageIntroduction.pdf, id=302, 426.6246pt x 86.4745pt>
File: pics/chapterImageIntroduction.pdf Graphic file (type pdf)
<use pics/chapterImageIntroduction.pdf>
Package pdftex.def Info: pics/chapterImageIntroduction.pdf  used on input line 
3.
(pdftex.def)             Requested size: 433.62pt x 87.898pt.
LaTeX Font Info:    Font shape `T1/LinuxLibertineT-TLF/m/n' will be
(Font)              scaled to size 18.57677pt on input line 7.
LaTeX Font Info:    Font shape `T1/LinuxLibertineT-TLF/m/n' will be
(Font)              scaled to size 28.31812pt on input line 7.
Package lettrine.sty Info: Targeted height = 18.57677pt
(lettrine.sty)             (for loversize=0, accent excluded),
(lettrine.sty)             Lettrine height = 18.57668pt (\color {darkocre}Q);
(lettrine.sty)             reported on input line 7.
LaTeX Font Info:    Font shape `T1/LinuxLibertineT-TLF/m/n' will be
(Font)              scaled to size 8.0pt on input line 18.
LaTeX Font Info:    Font shape `T1/LinuxLibertineT-TLF/m/n' will be
(Font)              scaled to size 6.0pt on input line 18.
LaTeX Font Info:    Font shape `T1/LinuxLibertineT-TLF/m/n' will be
(Font)              scaled to size 9.0pt on input line 21.
Package microtype Info: Fixing zero \fontdimen 6 for font `OMX/MnSymbolE/m/n/9'

(microtype)             (new value: 9.0pt) on input line 21.
Package microtype Info: Fixing zero \fontdimen 6 for font `OMX/MnSymbolE/m/n/5'

(microtype)             (new value: 5.0pt) on input line 21.
Package microtype Info: Fixing zero \fontdimen 6 for font `U/MnSymbolA/m/n/9'
(microtype)             (new value: 9.0pt) on input line 21.
Package microtype Info: Fixing zero \fontdimen 6 for font `U/MnSymbolA/m/n/5'
(microtype)             (new value: 5.0pt) on input line 21.
Package microtype Info: Fixing zero \fontdimen 6 for font `U/MnSymbolB/m/n/9'
(microtype)             (new value: 9.0pt) on input line 21.
Package microtype Info: Fixing zero \fontdimen 6 for font `U/MnSymbolB/m/n/5'
(microtype)             (new value: 5.0pt) on input line 21.
Package microtype Info: Fixing zero \fontdimen 6 for font `U/MnSymbolC/m/n/9'
(microtype)             (new value: 9.0pt) on input line 21.
Package microtype Info: Fixing zero \fontdimen 6 for font `U/MnSymbolC/m/n/5'
(microtype)             (new value: 5.0pt) on input line 21.
Package microtype Info: Fixing zero \fontdimen 6 for font `U/MnSymbolD/m/n/9'
(microtype)             (new value: 9.0pt) on input line 21.
Package microtype Info: Fixing zero \fontdimen 6 for font `U/MnSymbolD/m/n/5'
(microtype)             (new value: 5.0pt) on input line 21.
LaTeX Font Info:    Font shape `T1/LinuxLibertineT-TLF/m/it' will be
(Font)              scaled to size 9.0pt on input line 21.
Package mdframed Info: mdframed works in twoside mode on input line 34.
Package mdframed Info: mdframed detected package amsthm 
 changed the theorem header of amsthm
(mdframed)              on input line 34.
LaTeX Font Info:    Font shape `T1/LinuxLibertineT-TLF/m/n' will be
(Font)              scaled to size 10.0pt on input line 34.
LaTeX Font Info:    Font shape `T1/LinuxLibertineT-TLF/b/n' will be
(Font)              scaled to size 10.0pt on input line 34.
LaTeX Font Info:    Font shape `T1/LinuxBiolinumT-TLF/b/n' will be
(Font)              scaled to size 10.0pt on input line 34.
LaTeX Font Info:    Trying to load font information for U+fontawesometwo on inp
ut line 34.
(c:/texlive/2025/texmf-dist/tex/latex/fontawesome/ufontawesometwo.fd
File: ufontawesometwo.fd 2016/05/22 Font definitions for U/fontawesometwo.
)
LaTeX Font Info:    Font shape `T1/LinuxLibertineT-TLF/b/it' will be
(Font)              scaled to size 10.95pt on input line 34.


[13

{c:/texlive/2025/texmf-dist/fonts/enc/dvips/mnsymbol/MnSymbolA.enc}{c:/texlive/
2025/texmf-dist/fonts/enc/dvips/mnsymbol/MnSymbolE.enc}{c:/texlive/2025/texmf-d
ist/fonts/enc/dvips/lm/lm-rm.enc}{c:/texlive/2025/texmf-dist/fonts/enc/dvips/mn
symbol/MnSymbolC.enc}{c:/texlive/2025/texmf-dist/fonts/enc/dvips/lm/lm-mathit.e
nc}{c:/texlive/2025/texmf-dist/fonts/enc/dvips/fontawesome/fontawesometwo.enc}{
c:/texlive/2025/texmf-dist/fonts/enc/dvips/libertine/lbtn_ki75ao.enc} <./pics/c
hapterImageIntroduction.pdf>]
LaTeX Font Info:    Trying to load font information for T1+LinuxLibertineMonoT-
TLF on input line 61.

(c:/texlive/2025/texmf-dist/tex/latex/libertine/T1LinuxLibertineMonoT-TLF.fd
File: T1LinuxLibertineMonoT-TLF.fd 2019/05/20 (autoinst) Font definitions for T
1/LinuxLibertineMonoT-TLF.
)
LaTeX Font Info:    Font shape `T1/LinuxLibertineMonoT-TLF/m/n' in size <9> not
 available
(Font)              Font shape `T1/LinuxLibertineMonoT-TLF/regular/n' tried ins
tead on input line 61.
LaTeX Font Info:    Font shape `T1/LinuxLibertineMonoT-TLF/regular/n' will be
(Font)              scaled to size 9.0pt on input line 61.
Package microtype Info: Loading generic protrusion settings for font family
(microtype)             `LinuxLibertineMonoT-TLF' (encoding: T1).
(microtype)             For optimal results, create family-specific settings.
(microtype)             See the microtype manual for details.

Underfull \hbox (badness 10000) in paragraph at lines 61--61
[][][][]$\T1/LinuxLibertineMonoT-TLF/regular/n/9 https : / / encyclopediaofmath
 . org / wiki / Tensor _ on _ a _
 []

Package mdframed Info: mdframed works in twoside mode on input line 65.
Package mdframed Info: mdframed detected package amsthm 
 changed the theorem header of amsthm
(mdframed)              on input line 65.
Package microtype Info: Fixing zero \fontdimen 6 for font `OMX/MnSymbolE/m/n/10
'
(microtype)             (new value: 10.0pt) on input line 67.
Package microtype Info: Fixing zero \fontdimen 6 for font `OMX/MnSymbolE/m/n/7'

(microtype)             (new value: 7.0pt) on input line 67.
Package microtype Info: Fixing zero \fontdimen 6 for font `U/MnSymbolA/m/n/10'
(microtype)             (new value: 10.0pt) on input line 67.
Package microtype Info: Fixing zero \fontdimen 6 for font `U/MnSymbolA/m/n/7'
(microtype)             (new value: 7.0pt) on input line 67.
Package microtype Info: Fixing zero \fontdimen 6 for font `U/MnSymbolB/m/n/10'
(microtype)             (new value: 10.0pt) on input line 67.
Package microtype Info: Fixing zero \fontdimen 6 for font `U/MnSymbolB/m/n/7'
(microtype)             (new value: 7.0pt) on input line 67.
Package microtype Info: Fixing zero \fontdimen 6 for font `U/MnSymbolC/m/n/10'
(microtype)             (new value: 10.0pt) on input line 67.
Package microtype Info: Fixing zero \fontdimen 6 for font `U/MnSymbolC/m/n/7'
(microtype)             (new value: 7.0pt) on input line 67.
Package microtype Info: Fixing zero \fontdimen 6 for font `U/MnSymbolD/m/n/10'
(microtype)             (new value: 10.0pt) on input line 67.
Package microtype Info: Fixing zero \fontdimen 6 for font `U/MnSymbolD/m/n/7'
(microtype)             (new value: 7.0pt) on input line 67.

Underfull \hbox (badness 10000) in paragraph at lines 65--69

 []

LaTeX Font Info:    Font shape `T1/LinuxLibertineT-TLF/m/n' will be
(Font)              scaled to size 7.0pt on input line 72.
LaTeX Font Info:    Font shape `T1/LinuxLibertineT-TLF/m/n' will be
(Font)              scaled to size 5.0pt on input line 72.
<../01Introduction/pics/diagrams.pdf, id=330, 324.39354pt x 137.8291pt>
File: ../01Introduction/pics/diagrams.pdf Graphic file (type pdf)
<use ../01Introduction/pics/diagrams.pdf>
Package pdftex.def Info: ../01Introduction/pics/diagrams.pdf  used on input lin
e 89.
(pdftex.def)             Requested size: 324.39273pt x 137.82875pt.

Overfull \hbox (6.40515pt too wide) in paragraph at lines 89--94
 [][] 
 []



[14{c:/texlive/2025/texmf-dist/fonts/enc/dvips/mnsymbol/MnSymbolD.enc}{c:/texli
ve/2025/texmf-dist/fonts/enc/dvips/libertine/lbtn_dhi6qf.enc}]
Package mdframed Info: mdframed works in twoside mode on input line 107.
Package mdframed Info: mdframed detected package amsthm 
 changed the theorem header of amsthm
(mdframed)              on input line 107.
<../01Introduction/pics/schematicExample.pdf, id=348, 184.47424pt x 106.06166pt
>
File: ../01Introduction/pics/schematicExample.pdf Graphic file (type pdf)
<use ../01Introduction/pics/schematicExample.pdf>
Package pdftex.def Info: ../01Introduction/pics/schematicExample.pdf  used on i
nput line 121.
(pdftex.def)             Requested size: 184.47377pt x 106.06139pt.

Underfull \hbox (badness 2096) in paragraph at lines 125--125
[][]\T1/LinuxLibertineT-TLF/b/n/10 (+20) : |\T1/LinuxLibertineT-TLF/m/n/10 (+20
) Schemat-ics can be
 []



[15 <../01Introduction/pics/diagrams.pdf>]) (../02Physics/physics.tex

[16 <../01Introduction/pics/schematicExample.pdf>]
Chapter 2.
<pics/chapterImageNumbers.pdf, id=480, 430.85435pt x 86.25154pt>
File: pics/chapterImageNumbers.pdf Graphic file (type pdf)
<use pics/chapterImageNumbers.pdf>
Package pdftex.def Info: pics/chapterImageNumbers.pdf  used on input line 3.
(pdftex.def)             Requested size: 433.62pt x 86.8067pt.
Package lettrine.sty Info: Targeted height = 18.57677pt
(lettrine.sty)             (for loversize=0, accent excluded),
(lettrine.sty)             Lettrine height = 18.57668pt (\color {darkocre}N);
(lettrine.sty)             reported on input line 5.
<../02Physics/pics/numbersExampleGenerality.pdf, id=482, 151.16435pt x 54.93999
pt>
File: ../02Physics/pics/numbersExampleGenerality.pdf Graphic file (type pdf)
<use ../02Physics/pics/numbersExampleGenerality.pdf>
Package pdftex.def Info: ../02Physics/pics/numbersExampleGenerality.pdf  used o
n input line 23.
(pdftex.def)             Requested size: 151.16397pt x 54.93983pt.
Package mdframed Info: mdframed works in twoside mode on input line 35.
Package mdframed Info: mdframed detected package amsthm 
 changed the theorem header of amsthm
(mdframed)              on input line 35.

LaTeX Warning: Reference `fig:schematicRelationNtoN' on page 17 undefined on in
put line 37.



[17

 <./pics/chapterImageNumbers.pdf> <../02Physics/pics/numbersExampleGenerality.p
df

pdfTeX warning: pdflatex.exe (file ../02Physics/pics/numbersExampleGenerality.p
df): PDF inclusion: multiple pdfs with page group included in a single page
>]

[18]) (../03Mathematics/mathematics.tex

[19]

[20

]
Chapter 3.
<pics/chapterImageArrows.pdf, id=523, 428.83844pt x 86.2986pt>
File: pics/chapterImageArrows.pdf Graphic file (type pdf)
<use pics/chapterImageArrows.pdf>
Package pdftex.def Info: pics/chapterImageArrows.pdf  used on input line 3.
(pdftex.def)             Requested size: 433.62pt x 87.26491pt.
Package lettrine.sty Info: Targeted height = 18.57677pt
(lettrine.sty)             (for loversize=0, accent excluded),
(lettrine.sty)             Lettrine height = 18.57668pt (\color {darkocre}I);
(lettrine.sty)             reported on input line 5.
<../03Mathematics/pics/arrowsSpace.pdf, id=525, 139.45325pt x 141.63487pt>
File: ../03Mathematics/pics/arrowsSpace.pdf Graphic file (type pdf)
<use ../03Mathematics/pics/arrowsSpace.pdf>
Package pdftex.def Info: ../03Mathematics/pics/arrowsSpace.pdf  used on input l
ine 24.
(pdftex.def)             Requested size: 139.45288pt x 141.63452pt.


[21 <./pics/chapterImageArrows.pdf> <../03Mathematics/pics/arrowsSpace.pdf

pdfTeX warning: pdflatex.exe (file ../03Mathematics/pics/arrowsSpace.pdf): PDF 
inclusion: multiple pdfs with page group included in a single page
>]) (../04ClassicalPhysics/classicalphysics.tex

[22]
Chapter 4.
<pics/chapterImageOperators.pdf, id=563, 428.76743pt x 86.28516pt>
File: pics/chapterImageOperators.pdf Graphic file (type pdf)
<use pics/chapterImageOperators.pdf>
Package pdftex.def Info: pics/chapterImageOperators.pdf  used on input line 3.
(pdftex.def)             Requested size: 433.62pt x 87.26448pt.
Package lettrine.sty Info: Targeted height = 18.57677pt
(lettrine.sty)             (for loversize=0, accent excluded),
(lettrine.sty)             Lettrine height = 18.57668pt (\color {darkocre}T);
(lettrine.sty)             reported on input line 4.
<../04ClassicalPhysics/pics/arrowsOperatorGeneral.pdf, id=564, 192.67047pt x 11
5.57884pt>
File: ../04ClassicalPhysics/pics/arrowsOperatorGeneral.pdf Graphic file (type p
df)
<use ../04ClassicalPhysics/pics/arrowsOperatorGeneral.pdf>
Package pdftex.def Info: ../04ClassicalPhysics/pics/arrowsOperatorGeneral.pdf  
used on input line 15.
(pdftex.def)             Requested size: 192.66998pt x 115.57855pt.


[23

 <./pics/chapterImageOperators.pdf> <../04ClassicalPhysics/pics/arrowsOperatorG
eneral.pdf

pdfTeX warning: pdflatex.exe (file ../04ClassicalPhysics/pics/arrowsOperatorGen
eral.pdf): PDF inclusion: multiple pdfs with page group included in a single pa
ge
>]
Package mdframed Info: mdframed works in twoside mode on input line 38.
Package mdframed Info: mdframed detected package amsthm 
 changed the theorem header of amsthm
(mdframed)              on input line 38.

Underfull \hbox (badness 10000) in paragraph at lines 38--40

 []


LaTeX Warning: Reference `sec:ComponentTransformation' on page 24 undefined on 
input line 70.

Package mdframed Info: mdframed works in twoside mode on input line 73.
Package mdframed Info: mdframed detected package amsthm 
 changed the theorem header of amsthm
(mdframed)              on input line 73.

Package mdframed Warning: You got a bad break
(mdframed)                because the last box will be empty
(mdframed)                you have to change it manually
(mdframed)                by changing the text, the space
(mdframed)                or something else on input line 87.



[24]

[25]) (../05QuantumPhysics/quantumphysics.tex

[26]
Chapter 5.
<pics/chapterImageTensors.pdf, id=612, 429.01144pt x 86.2211pt>
File: pics/chapterImageTensors.pdf Graphic file (type pdf)
<use pics/chapterImageTensors.pdf>
Package pdftex.def Info: pics/chapterImageTensors.pdf  used on input line 3.
(pdftex.def)             Requested size: 433.62pt x 87.14838pt.
Package lettrine.sty Info: Targeted height = 18.57677pt
(lettrine.sty)             (for loversize=0, accent excluded),
(lettrine.sty)             Lettrine height = 18.57668pt (\color {darkocre}T);
(lettrine.sty)             reported on input line 4.
Package mdframed Info: mdframed works in twoside mode on input line 12.
Package mdframed Info: mdframed detected package amsthm 
 changed the theorem header of amsthm
(mdframed)              on input line 12.


[27

 <./pics/chapterImageTensors.pdf>]

[28]
Package mdframed Info: mdframed works in twoside mode on input line 99.
Package mdframed Info: mdframed detected package amsthm 
 changed the theorem header of amsthm
(mdframed)              on input line 99.


[29]) (../06Applications/applications.tex

[30]
Chapter 6.
<pics/chapterImageApplications.pdf, id=644, 427.81808pt x 86.28212pt>
File: pics/chapterImageApplications.pdf Graphic file (type pdf)
<use pics/chapterImageApplications.pdf>
Package pdftex.def Info: pics/chapterImageApplications.pdf  used on input line 
1.
(pdftex.def)             Requested size: 433.62pt x 87.4523pt.
Package lettrine.sty Info: Targeted height = 18.57677pt
(lettrine.sty)             (for loversize=0, accent excluded),
(lettrine.sty)             Lettrine height = 18.57668pt (\color {darkocre}W);
(lettrine.sty)             reported on input line 2.
LaTeX Font Info:    Font shape `T1/LinuxLibertineT-TLF/m/it' will be
(Font)              scaled to size 10.0pt on input line 44.
LaTeX Font Info:    Font shape `TS1/LinuxLibertineT-TLF/m/n' will be
(Font)              scaled to size 10.0pt on input line 46.

Underfull \vbox (badness 4013) has occurred while \output is active []



[31

{c:/texlive/2025/texmf-dist/fonts/enc/dvips/mnsymbol/MnSymbolS.enc} <./pics/cha
pterImageApplications.pdf>]) (../07Implications/implications.tex

[32]
Chapter 7.
File: pics/chapterImageDefault.pdf Graphic file (type pdf)
<use pics/chapterImageDefault.pdf>
Package pdftex.def Info: pics/chapterImageDefault.pdf  used on input line 3.
(pdftex.def)             Requested size: 433.62pt x 87.3036pt.
Package lettrine.sty Info: Targeted height = 18.57677pt
(lettrine.sty)             (for loversize=0, accent excluded),
(lettrine.sty)             Lettrine height = 18.57668pt (\color {darkocre}W);
(lettrine.sty)             reported on input line 5.
) (../08Appendix/appendix.tex

[33

]

[34

]
Chapter 8.
File: pics/chapterImageDefault.pdf Graphic file (type pdf)
<use pics/chapterImageDefault.pdf>
Package pdftex.def Info: pics/chapterImageDefault.pdf  used on input line 4.
(pdftex.def)             Requested size: 433.62pt x 87.3036pt.
Package lettrine.sty Info: Targeted height = 18.57677pt
(lettrine.sty)             (for loversize=0, accent excluded),
(lettrine.sty)             Lettrine height = 18.57668pt (\color {darkocre}W);
(lettrine.sty)             reported on input line 6.
(../08Appendix/course_notation.tex

[35]) (../08Appendix/physical_constants.tex)
Underfull \hbox (badness 10000) in paragraph at lines 1--22

 []



[36] (../08Appendix/greek_alphabet.tex

[37])) (../09Solutions/solutions.tex

[38]
Chapter 9.
File: pics/chapterImageDefault.pdf Graphic file (type pdf)
<use pics/chapterImageDefault.pdf>
Package pdftex.def Info: pics/chapterImageDefault.pdf  used on input line 3.
(pdftex.def)             Requested size: 433.62pt x 87.3036pt.
<../09Solutions/pics/diagramCars.pdf, id=697, 165.09167pt x 162.71901pt>
File: ../09Solutions/pics/diagramCars.pdf Graphic file (type pdf)
<use ../09Solutions/pics/diagramCars.pdf>
Package pdftex.def Info: ../09Solutions/pics/diagramCars.pdf  used on input lin
e 11.
(pdftex.def)             Requested size: 165.09126pt x 162.7186pt.
LaTeX Font Info:    Font shape `T1/LinuxLibertineT-TLF/b/n' will be
(Font)              scaled to size 9.0pt on input line 18.
<../09Solutions/pics/diagramProductSet.pdf, id=700, 243.80588pt x 185.77922pt>
File: ../09Solutions/pics/diagramProductSet.pdf Graphic file (type pdf)
<use ../09Solutions/pics/diagramProductSet.pdf>
Package pdftex.def Info: ../09Solutions/pics/diagramProductSet.pdf  used on inp
ut line 24.
(pdftex.def)             Requested size: 243.80527pt x 185.77876pt.
LaTeX Font Info:    Font shape `T1/LinuxLibertineT-TLF/b/it' will be
(Font)              scaled to size 10.0pt on input line 27.


[39

 <../09Solutions/pics/diagramCars.pdf>])

[40 <../09Solutions/pics/diagramProductSet.pdf>]
runsystem(makeindex qpac.idx)...executed safely (allowed).

 (./qpac.ind
File: pics/chapterImageDefault.pdf Graphic file (type pdf)
<use pics/chapterImageDefault.pdf>
Package pdftex.def Info: pics/chapterImageDefault.pdf  used on input line 1.
(pdftex.def)             Requested size: 433.62pt x 87.3036pt.
)

[41



] (./qpac.aux)
 ***********
LaTeX2e <2024-11-01> patch level 2
L3 programming layer <2025-01-18>
 ***********


LaTeX Warning: There were undefined references.

Package logreq Info: Writing requests to 'qpac.run.xml'.
\openout1 = `qpac.run.xml'.

 ) 
Here is how much of TeX's memory you used:
 49699 strings out of 473190
 967624 string characters out of 5719973
 1798084 words of memory out of 5000000
 71515 multiletter control sequences out of 15000+600000
 809129 words of font info for 440 fonts, out of 8000000 for 9000
 1141 hyphenation exceptions out of 8191
 91i,13n,99p,1001b,2291s stack positions out of 10000i,1000n,20000p,200000b,200000s
<c:/texlive/2025/texmf-dist/fonts/type1/public/fontawesome/FontAwesome.pfb><c
:/texlive/2025/texmf-dist/fonts/type1/public/libertine/LinBiolinumT.pfb><c:/tex
live/2025/texmf-dist/fonts/type1/public/libertine/LinBiolinumTB.pfb><c:/texlive
/2025/texmf-dist/fonts/type1/public/libertine/LinLibertineMT.pfb><c:/texlive/20
25/texmf-dist/fonts/type1/public/libertine/LinLibertineT.pfb><c:/texlive/2025/t
exmf-dist/fonts/type1/public/libertine/LinLibertineTB.pfb><c:/texlive/2025/texm
f-dist/fonts/type1/public/libertine/LinLibertineTBI.pfb><c:/texlive/2025/texmf-
dist/fonts/type1/public/libertine/LinLibertineTI.pfb><c:/texlive/2025/texmf-dis
t/fonts/type1/public/mnsymbol/MnSymbol10.pfb><c:/texlive/2025/texmf-dist/fonts/
type1/public/mnsymbol/MnSymbol7.pfb><c:/texlive/2025/texmf-dist/fonts/type1/pub
lic/mnsymbol/MnSymbol8.pfb><c:/texlive/2025/texmf-dist/fonts/type1/public/mnsym
bol/MnSymbol9.pfb><c:/texlive/2025/texmf-dist/fonts/type1/public/lm/lmmi10.pfb>
<c:/texlive/2025/texmf-dist/fonts/type1/public/lm/lmmi7.pfb><c:/texlive/2025/te
xmf-dist/fonts/type1/public/lm/lmmi8.pfb><c:/texlive/2025/texmf-dist/fonts/type
1/public/lm/lmmi9.pfb><c:/texlive/2025/texmf-dist/fonts/type1/public/lm/lmr10.p
fb><c:/texlive/2025/texmf-dist/fonts/type1/public/lm/lmr6.pfb><c:/texlive/2025/
texmf-dist/fonts/type1/public/lm/lmr8.pfb><c:/texlive/2025/texmf-dist/fonts/typ
e1/public/amsfonts/symbols/msbm10.pfb>
Output written on qpac.pdf (41 pages, 1335808 bytes).
PDF statistics:
 1129 PDF objects out of 1200 (max. 8388607)
 877 compressed objects within 9 object streams
 131 named destinations out of 1000 (max. 500000)
 127626 words of extra memory for PDF output out of 128383 (max. 10000000)

